-------------------------------------------------------------------------------
Test set: org.accada.epcis.repository.test.ErrorMessagesTest
-------------------------------------------------------------------------------
Tests run: 10, Failures: 0, Errors: 10, Skipped: 0, Time elapsed: 10.255 sec <<< FAILURE!
testSE45(org.accada.epcis.repository.test.ErrorMessagesTest)  Time elapsed: 0.951 sec  <<< ERROR!
AxisFault
 faultCode: {http://schemas.xmlsoap.org/soap/envelope/}Server.userException
 faultSubcode: 
 faultString: java.net.ConnectException: Connection refused: connect
 faultActor: 
 faultNode: 
 faultDetail: 
	{http://xml.apache.org/axis/}stackTrace:java.net.ConnectException: Connection refused: connect
	at java.net.PlainSocketImpl.socketConnect(Native Method)
	at java.net.PlainSocketImpl.doConnect(PlainSocketImpl.java:333)
	at java.net.PlainSocketImpl.connectToAddress(PlainSocketImpl.java:195)
	at java.net.PlainSocketImpl.connect(PlainSocketImpl.java:182)
	at java.net.SocksSocketImpl.connect(SocksSocketImpl.java:364)
	at java.net.Socket.connect(Socket.java:507)
	at sun.reflect.NativeMethodAccessorImpl.invoke0(Native Method)
	at sun.reflect.NativeMethodAccessorImpl.invoke(NativeMethodAccessorImpl.java:39)
	at sun.reflect.DelegatingMethodAccessorImpl.invoke(DelegatingMethodAccessorImpl.java:25)
	at java.lang.reflect.Method.invoke(Method.java:585)
	at org.apache.axis.components.net.DefaultSocketFactory.create(DefaultSocketFactory.java:153)
	at org.apache.axis.components.net.DefaultSocketFactory.create(DefaultSocketFactory.java:120)
	at org.apache.axis.transport.http.HTTPSender.getSocket(HTTPSender.java:191)
	at org.apache.axis.transport.http.HTTPSender.writeToSocket(HTTPSender.java:404)
	at org.apache.axis.transport.http.HTTPSender.invoke(HTTPSender.java:138)
	at org.apache.axis.strategies.InvocationStrategy.visit(InvocationStrategy.java:32)
	at org.apache.axis.SimpleChain.doVisiting(SimpleChain.java:118)
	at org.apache.axis.SimpleChain.invoke(SimpleChain.java:83)
	at org.apache.axis.client.AxisClient.invoke(AxisClient.java:165)
	at org.apache.axis.client.Call.invokeEngine(Call.java:2784)
	at org.apache.axis.client.Call.invoke(Call.java:2767)
	at org.apache.axis.client.Call.invoke(Call.java:2443)
	at org.apache.axis.client.Call.invoke(Call.java:2366)
	at org.apache.axis.client.Call.invoke(Call.java:1812)
	at org.accada.epcis.soapapi.EPCISServiceBindingStub.getQueryNames(EPCISServiceBindingStub.java:1125)
	at org.accada.epcis.queryclient.QueryClientBase.queryNames(QueryClientBase.java:77)
	at org.accada.epcis.repository.test.ErrorMessagesTest.testSE45(ErrorMessagesTest.java:86)
	at sun.reflect.NativeMethodAccessorImpl.invoke0(Native Method)
	at sun.reflect.NativeMethodAccessorImpl.invoke(NativeMethodAccessorImpl.java:39)
	at sun.reflect.DelegatingMethodAccessorImpl.invoke(DelegatingMethodAccessorImpl.java:25)
	at java.lang.reflect.Method.invoke(Method.java:585)
	at junit.framework.TestCase.runTest(TestCase.java:154)
	at junit.framework.TestCase.runBare(TestCase.java:127)
	at junit.framework.TestResult$1.protect(TestResult.java:106)
	at junit.framework.TestResult.runProtected(TestResult.java:124)
	at junit.framework.TestResult.run(TestResult.java:109)
	at junit.framework.TestCase.run(TestCase.java:118)
	at junit.framework.TestSuite.runTest(TestSuite.java:208)
	at junit.framework.TestSuite.run(TestSuite.java:203)
	at sun.reflect.NativeMethodAccessorImpl.invoke0(Native Method)
	at sun.reflect.NativeMethodAccessorImpl.invoke(NativeMethodAccessorImpl.java:39)
	at sun.reflect.DelegatingMethodAccessorImpl.invoke(DelegatingMethodAccessorImpl.java:25)
	at java.lang.reflect.Method.invoke(Method.java:585)
	at org.apache.maven.surefire.junit.JUnitTestSet.execute(JUnitTestSet.java:210)
	at org.apache.maven.surefire.suite.AbstractDirectoryTestSuite.executeTestSet(AbstractDirectoryTestSuite.java:135)
	at org.apache.maven.surefire.suite.AbstractDirectoryTestSuite.execute(AbstractDirectoryTestSuite.java:122)
	at org.apache.maven.surefire.Surefire.run(Surefire.java:129)
	at sun.reflect.NativeMethodAccessorImpl.invoke0(Native Method)
	at sun.reflect.NativeMethodAccessorImpl.invoke(NativeMethodAccessorImpl.java:39)
	at sun.reflect.DelegatingMethodAccessorImpl.invoke(DelegatingMethodAccessorImpl.java:25)
	at java.lang.reflect.Method.invoke(Method.java:585)
	at org.apache.maven.surefire.booter.SurefireBooter.runSuitesInProcess(SurefireBooter.java:225)
	at org.apache.maven.surefire.booter.SurefireBooter.main(SurefireBooter.java:747)

	{http://xml.apache.org/axis/}hostname:Alea

java.net.ConnectException: Connection refused: connect
	at org.apache.axis.AxisFault.makeFault(AxisFault.java:101)
	at org.apache.axis.transport.http.HTTPSender.invoke(HTTPSender.java:154)
	at org.apache.axis.strategies.InvocationStrategy.visit(InvocationStrategy.java:32)
	at org.apache.axis.SimpleChain.doVisiting(SimpleChain.java:118)
	at org.apache.axis.SimpleChain.invoke(SimpleChain.java:83)
	at org.apache.axis.client.AxisClient.invoke(AxisClient.java:165)
	at org.apache.axis.client.Call.invokeEngine(Call.java:2784)
	at org.apache.axis.client.Call.invoke(Call.java:2767)
	at org.apache.axis.client.Call.invoke(Call.java:2443)
	at org.apache.axis.client.Call.invoke(Call.java:2366)
	at org.apache.axis.client.Call.invoke(Call.java:1812)
	at org.accada.epcis.soapapi.EPCISServiceBindingStub.getQueryNames(EPCISServiceBindingStub.java:1125)
	at org.accada.epcis.queryclient.QueryClientBase.queryNames(QueryClientBase.java:77)
	at org.accada.epcis.repository.test.ErrorMessagesTest.testSE45(ErrorMessagesTest.java:86)

testSE47(org.accada.epcis.repository.test.ErrorMessagesTest)  Time elapsed: 1.002 sec  <<< ERROR!
AxisFault
 faultCode: {http://schemas.xmlsoap.org/soap/envelope/}Server.userException
 faultSubcode: 
 faultString: java.net.ConnectException: Connection refused: connect
 faultActor: 
 faultNode: 
 faultDetail: 
	{http://xml.apache.org/axis/}stackTrace:java.net.ConnectException: Connection refused: connect
	at java.net.PlainSocketImpl.socketConnect(Native Method)
	at java.net.PlainSocketImpl.doConnect(PlainSocketImpl.java:333)
	at java.net.PlainSocketImpl.connectToAddress(PlainSocketImpl.java:195)
	at java.net.PlainSocketImpl.connect(PlainSocketImpl.java:182)
	at java.net.SocksSocketImpl.connect(SocksSocketImpl.java:364)
	at java.net.Socket.connect(Socket.java:507)
	at sun.reflect.NativeMethodAccessorImpl.invoke0(Native Method)
	at sun.reflect.NativeMethodAccessorImpl.invoke(NativeMethodAccessorImpl.java:39)
	at sun.reflect.DelegatingMethodAccessorImpl.invoke(DelegatingMethodAccessorImpl.java:25)
	at java.lang.reflect.Method.invoke(Method.java:585)
	at org.apache.axis.components.net.DefaultSocketFactory.create(DefaultSocketFactory.java:153)
	at org.apache.axis.components.net.DefaultSocketFactory.create(DefaultSocketFactory.java:120)
	at org.apache.axis.transport.http.HTTPSender.getSocket(HTTPSender.java:191)
	at org.apache.axis.transport.http.HTTPSender.writeToSocket(HTTPSender.java:404)
	at org.apache.axis.transport.http.HTTPSender.invoke(HTTPSender.java:138)
	at org.apache.axis.strategies.InvocationStrategy.visit(InvocationStrategy.java:32)
	at org.apache.axis.SimpleChain.doVisiting(SimpleChain.java:118)
	at org.apache.axis.SimpleChain.invoke(SimpleChain.java:83)
	at org.apache.axis.client.AxisClient.invoke(AxisClient.java:165)
	at org.apache.axis.client.Call.invokeEngine(Call.java:2784)
	at org.apache.axis.client.Call.invoke(Call.java:2767)
	at org.apache.axis.client.Call.invoke(Call.java:2443)
	at org.apache.axis.client.Call.invoke(Call.java:2366)
	at org.apache.axis.client.Call.invoke(Call.java:1812)
	at org.accada.epcis.soapapi.EPCISServiceBindingStub.getStandardVersion(EPCISServiceBindingStub.java:1394)
	at org.accada.epcis.queryclient.QueryClientBase.queryStandardVersion(QueryClientBase.java:92)
	at org.accada.epcis.repository.test.ErrorMessagesTest.testSE47(ErrorMessagesTest.java:97)
	at sun.reflect.NativeMethodAccessorImpl.invoke0(Native Method)
	at sun.reflect.NativeMethodAccessorImpl.invoke(NativeMethodAccessorImpl.java:39)
	at sun.reflect.DelegatingMethodAccessorImpl.invoke(DelegatingMethodAccessorImpl.java:25)
	at java.lang.reflect.Method.invoke(Method.java:585)
	at junit.framework.TestCase.runTest(TestCase.java:154)
	at junit.framework.TestCase.runBare(TestCase.java:127)
	at junit.framework.TestResult$1.protect(TestResult.java:106)
	at junit.framework.TestResult.runProtected(TestResult.java:124)
	at junit.framework.TestResult.run(TestResult.java:109)
	at junit.framework.TestCase.run(TestCase.java:118)
	at junit.framework.TestSuite.runTest(TestSuite.java:208)
	at junit.framework.TestSuite.run(TestSuite.java:203)
	at sun.reflect.NativeMethodAccessorImpl.invoke0(Native Method)
	at sun.reflect.NativeMethodAccessorImpl.invoke(NativeMethodAccessorImpl.java:39)
	at sun.reflect.DelegatingMethodAccessorImpl.invoke(DelegatingMethodAccessorImpl.java:25)
	at java.lang.reflect.Method.invoke(Method.java:585)
	at org.apache.maven.surefire.junit.JUnitTestSet.execute(JUnitTestSet.java:210)
	at org.apache.maven.surefire.suite.AbstractDirectoryTestSuite.executeTestSet(AbstractDirectoryTestSuite.java:135)
	at org.apache.maven.surefire.suite.AbstractDirectoryTestSuite.execute(AbstractDirectoryTestSuite.java:122)
	at org.apache.maven.surefire.Surefire.run(Surefire.java:129)
	at sun.reflect.NativeMethodAccessorImpl.invoke0(Native Method)
	at sun.reflect.NativeMethodAccessorImpl.invoke(NativeMethodAccessorImpl.java:39)
	at sun.reflect.DelegatingMethodAccessorImpl.invoke(DelegatingMethodAccessorImpl.java:25)
	at java.lang.reflect.Method.invoke(Method.java:585)
	at org.apache.maven.surefire.booter.SurefireBooter.runSuitesInProcess(SurefireBooter.java:225)
	at org.apache.maven.surefire.booter.SurefireBooter.main(SurefireBooter.java:747)

	{http://xml.apache.org/axis/}hostname:Alea

java.net.ConnectException: Connection refused: connect
	at org.apache.axis.AxisFault.makeFault(AxisFault.java:101)
	at org.apache.axis.transport.http.HTTPSender.invoke(HTTPSender.java:154)
	at org.apache.axis.strategies.InvocationStrategy.visit(InvocationStrategy.java:32)
	at org.apache.axis.SimpleChain.doVisiting(SimpleChain.java:118)
	at org.apache.axis.SimpleChain.invoke(SimpleChain.java:83)
	at org.apache.axis.client.AxisClient.invoke(AxisClient.java:165)
	at org.apache.axis.client.Call.invokeEngine(Call.java:2784)
	at org.apache.axis.client.Call.invoke(Call.java:2767)
	at org.apache.axis.client.Call.invoke(Call.java:2443)
	at org.apache.axis.client.Call.invoke(Call.java:2366)
	at org.apache.axis.client.Call.invoke(Call.java:1812)
	at org.accada.epcis.soapapi.EPCISServiceBindingStub.getStandardVersion(EPCISServiceBindingStub.java:1394)
	at org.accada.epcis.queryclient.QueryClientBase.queryStandardVersion(QueryClientBase.java:92)
	at org.accada.epcis.repository.test.ErrorMessagesTest.testSE47(ErrorMessagesTest.java:97)

testSE49(org.accada.epcis.repository.test.ErrorMessagesTest)  Time elapsed: 1.101 sec  <<< ERROR!
AxisFault
 faultCode: {http://schemas.xmlsoap.org/soap/envelope/}Server.userException
 faultSubcode: 
 faultString: java.net.ConnectException: Connection refused: connect
 faultActor: 
 faultNode: 
 faultDetail: 
	{http://xml.apache.org/axis/}stackTrace:java.net.ConnectException: Connection refused: connect
	at java.net.PlainSocketImpl.socketConnect(Native Method)
	at java.net.PlainSocketImpl.doConnect(PlainSocketImpl.java:333)
	at java.net.PlainSocketImpl.connectToAddress(PlainSocketImpl.java:195)
	at java.net.PlainSocketImpl.connect(PlainSocketImpl.java:182)
	at java.net.SocksSocketImpl.connect(SocksSocketImpl.java:364)
	at java.net.Socket.connect(Socket.java:507)
	at sun.reflect.NativeMethodAccessorImpl.invoke0(Native Method)
	at sun.reflect.NativeMethodAccessorImpl.invoke(NativeMethodAccessorImpl.java:39)
	at sun.reflect.DelegatingMethodAccessorImpl.invoke(DelegatingMethodAccessorImpl.java:25)
	at java.lang.reflect.Method.invoke(Method.java:585)
	at org.apache.axis.components.net.DefaultSocketFactory.create(DefaultSocketFactory.java:153)
	at org.apache.axis.components.net.DefaultSocketFactory.create(DefaultSocketFactory.java:120)
	at org.apache.axis.transport.http.HTTPSender.getSocket(HTTPSender.java:191)
	at org.apache.axis.transport.http.HTTPSender.writeToSocket(HTTPSender.java:404)
	at org.apache.axis.transport.http.HTTPSender.invoke(HTTPSender.java:138)
	at org.apache.axis.strategies.InvocationStrategy.visit(InvocationStrategy.java:32)
	at org.apache.axis.SimpleChain.doVisiting(SimpleChain.java:118)
	at org.apache.axis.SimpleChain.invoke(SimpleChain.java:83)
	at org.apache.axis.client.AxisClient.invoke(AxisClient.java:165)
	at org.apache.axis.client.Call.invokeEngine(Call.java:2784)
	at org.apache.axis.client.Call.invoke(Call.java:2767)
	at org.apache.axis.client.Call.invoke(Call.java:2443)
	at org.apache.axis.client.Call.invoke(Call.java:2366)
	at org.apache.axis.client.Call.invoke(Call.java:1812)
	at org.accada.epcis.soapapi.EPCISServiceBindingStub.poll(EPCISServiceBindingStub.java:1336)
	at org.accada.epcis.queryclient.QueryClientSoapImpl.runQuery(QueryClientSoapImpl.java:210)
	at org.accada.epcis.queryclient.QueryClientSoapImpl.runQuery(QueryClientSoapImpl.java:75)
	at org.accada.epcis.repository.test.ErrorMessagesTest.testSE49(ErrorMessagesTest.java:112)
	at sun.reflect.NativeMethodAccessorImpl.invoke0(Native Method)
	at sun.reflect.NativeMethodAccessorImpl.invoke(NativeMethodAccessorImpl.java:39)
	at sun.reflect.DelegatingMethodAccessorImpl.invoke(DelegatingMethodAccessorImpl.java:25)
	at java.lang.reflect.Method.invoke(Method.java:585)
	at junit.framework.TestCase.runTest(TestCase.java:154)
	at junit.framework.TestCase.runBare(TestCase.java:127)
	at junit.framework.TestResult$1.protect(TestResult.java:106)
	at junit.framework.TestResult.runProtected(TestResult.java:124)
	at junit.framework.TestResult.run(TestResult.java:109)
	at junit.framework.TestCase.run(TestCase.java:118)
	at junit.framework.TestSuite.runTest(TestSuite.java:208)
	at junit.framework.TestSuite.run(TestSuite.java:203)
	at sun.reflect.NativeMethodAccessorImpl.invoke0(Native Method)
	at sun.reflect.NativeMethodAccessorImpl.invoke(NativeMethodAccessorImpl.java:39)
	at sun.reflect.DelegatingMethodAccessorImpl.invoke(DelegatingMethodAccessorImpl.java:25)
	at java.lang.reflect.Method.invoke(Method.java:585)
	at org.apache.maven.surefire.junit.JUnitTestSet.execute(JUnitTestSet.java:210)
	at org.apache.maven.surefire.suite.AbstractDirectoryTestSuite.executeTestSet(AbstractDirectoryTestSuite.java:135)
	at org.apache.maven.surefire.suite.AbstractDirectoryTestSuite.execute(AbstractDirectoryTestSuite.java:122)
	at org.apache.maven.surefire.Surefire.run(Surefire.java:129)
	at sun.reflect.NativeMethodAccessorImpl.invoke0(Native Method)
	at sun.reflect.NativeMethodAccessorImpl.invoke(NativeMethodAccessorImpl.java:39)
	at sun.reflect.DelegatingMethodAccessorImpl.invoke(DelegatingMethodAccessorImpl.java:25)
	at java.lang.reflect.Method.invoke(Method.java:585)
	at org.apache.maven.surefire.booter.SurefireBooter.runSuitesInProcess(SurefireBooter.java:225)
	at org.apache.maven.surefire.booter.SurefireBooter.main(SurefireBooter.java:747)

	{http://xml.apache.org/axis/}hostname:Alea

java.net.ConnectException: Connection refused: connect
	at org.apache.axis.AxisFault.makeFault(AxisFault.java:101)
	at org.apache.axis.transport.http.HTTPSender.invoke(HTTPSender.java:154)
	at org.apache.axis.strategies.InvocationStrategy.visit(InvocationStrategy.java:32)
	at org.apache.axis.SimpleChain.doVisiting(SimpleChain.java:118)
	at org.apache.axis.SimpleChain.invoke(SimpleChain.java:83)
	at org.apache.axis.client.AxisClient.invoke(AxisClient.java:165)
	at org.apache.axis.client.Call.invokeEngine(Call.java:2784)
	at org.apache.axis.client.Call.invoke(Call.java:2767)
	at org.apache.axis.client.Call.invoke(Call.java:2443)
	at org.apache.axis.client.Call.invoke(Call.java:2366)
	at org.apache.axis.client.Call.invoke(Call.java:1812)
	at org.accada.epcis.soapapi.EPCISServiceBindingStub.poll(EPCISServiceBindingStub.java:1336)
	at org.accada.epcis.queryclient.QueryClientSoapImpl.runQuery(QueryClientSoapImpl.java:210)
	at org.accada.epcis.queryclient.QueryClientSoapImpl.runQuery(QueryClientSoapImpl.java:75)
	at org.accada.epcis.repository.test.ErrorMessagesTest.testSE49(ErrorMessagesTest.java:112)

testSE50(org.accada.epcis.repository.test.ErrorMessagesTest)  Time elapsed: 1.002 sec  <<< ERROR!
AxisFault
 faultCode: {http://schemas.xmlsoap.org/soap/envelope/}Server.userException
 faultSubcode: 
 faultString: java.net.ConnectException: Connection refused: connect
 faultActor: 
 faultNode: 
 faultDetail: 
	{http://xml.apache.org/axis/}stackTrace:java.net.ConnectException: Connection refused: connect
	at java.net.PlainSocketImpl.socketConnect(Native Method)
	at java.net.PlainSocketImpl.doConnect(PlainSocketImpl.java:333)
	at java.net.PlainSocketImpl.connectToAddress(PlainSocketImpl.java:195)
	at java.net.PlainSocketImpl.connect(PlainSocketImpl.java:182)
	at java.net.SocksSocketImpl.connect(SocksSocketImpl.java:364)
	at java.net.Socket.connect(Socket.java:507)
	at sun.reflect.NativeMethodAccessorImpl.invoke0(Native Method)
	at sun.reflect.NativeMethodAccessorImpl.invoke(NativeMethodAccessorImpl.java:39)
	at sun.reflect.DelegatingMethodAccessorImpl.invoke(DelegatingMethodAccessorImpl.java:25)
	at java.lang.reflect.Method.invoke(Method.java:585)
	at org.apache.axis.components.net.DefaultSocketFactory.create(DefaultSocketFactory.java:153)
	at org.apache.axis.components.net.DefaultSocketFactory.create(DefaultSocketFactory.java:120)
	at org.apache.axis.transport.http.HTTPSender.getSocket(HTTPSender.java:191)
	at org.apache.axis.transport.http.HTTPSender.writeToSocket(HTTPSender.java:404)
	at org.apache.axis.transport.http.HTTPSender.invoke(HTTPSender.java:138)
	at org.apache.axis.strategies.InvocationStrategy.visit(InvocationStrategy.java:32)
	at org.apache.axis.SimpleChain.doVisiting(SimpleChain.java:118)
	at org.apache.axis.SimpleChain.invoke(SimpleChain.java:83)
	at org.apache.axis.client.AxisClient.invoke(AxisClient.java:165)
	at org.apache.axis.client.Call.invokeEngine(Call.java:2784)
	at org.apache.axis.client.Call.invoke(Call.java:2767)
	at org.apache.axis.client.Call.invoke(Call.java:2443)
	at org.apache.axis.client.Call.invoke(Call.java:2366)
	at org.apache.axis.client.Call.invoke(Call.java:1812)
	at org.accada.epcis.soapapi.EPCISServiceBindingStub.poll(EPCISServiceBindingStub.java:1336)
	at org.accada.epcis.queryclient.QueryClientSoapImpl.runQuery(QueryClientSoapImpl.java:210)
	at org.accada.epcis.queryclient.QueryClientSoapImpl.runQuery(QueryClientSoapImpl.java:75)
	at org.accada.epcis.repository.test.ErrorMessagesTest.testSE50(ErrorMessagesTest.java:129)
	at sun.reflect.NativeMethodAccessorImpl.invoke0(Native Method)
	at sun.reflect.NativeMethodAccessorImpl.invoke(NativeMethodAccessorImpl.java:39)
	at sun.reflect.DelegatingMethodAccessorImpl.invoke(DelegatingMethodAccessorImpl.java:25)
	at java.lang.reflect.Method.invoke(Method.java:585)
	at junit.framework.TestCase.runTest(TestCase.java:154)
	at junit.framework.TestCase.runBare(TestCase.java:127)
	at junit.framework.TestResult$1.protect(TestResult.java:106)
	at junit.framework.TestResult.runProtected(TestResult.java:124)
	at junit.framework.TestResult.run(TestResult.java:109)
	at junit.framework.TestCase.run(TestCase.java:118)
	at junit.framework.TestSuite.runTest(TestSuite.java:208)
	at junit.framework.TestSuite.run(TestSuite.java:203)
	at sun.reflect.NativeMethodAccessorImpl.invoke0(Native Method)
	at sun.reflect.NativeMethodAccessorImpl.invoke(NativeMethodAccessorImpl.java:39)
	at sun.reflect.DelegatingMethodAccessorImpl.invoke(DelegatingMethodAccessorImpl.java:25)
	at java.lang.reflect.Method.invoke(Method.java:585)
	at org.apache.maven.surefire.junit.JUnitTestSet.execute(JUnitTestSet.java:210)
	at org.apache.maven.surefire.suite.AbstractDirectoryTestSuite.executeTestSet(AbstractDirectoryTestSuite.java:135)
	at org.apache.maven.surefire.suite.AbstractDirectoryTestSuite.execute(AbstractDirectoryTestSuite.java:122)
	at org.apache.maven.surefire.Surefire.run(Surefire.java:129)
	at sun.reflect.NativeMethodAccessorImpl.invoke0(Native Method)
	at sun.reflect.NativeMethodAccessorImpl.invoke(NativeMethodAccessorImpl.java:39)
	at sun.reflect.DelegatingMethodAccessorImpl.invoke(DelegatingMethodAccessorImpl.java:25)
	at java.lang.reflect.Method.invoke(Method.java:585)
	at org.apache.maven.surefire.booter.SurefireBooter.runSuitesInProcess(SurefireBooter.java:225)
	at org.apache.maven.surefire.booter.SurefireBooter.main(SurefireBooter.java:747)

	{http://xml.apache.org/axis/}hostname:Alea

java.net.ConnectException: Connection refused: connect
	at org.apache.axis.AxisFault.makeFault(AxisFault.java:101)
	at org.apache.axis.transport.http.HTTPSender.invoke(HTTPSender.java:154)
	at org.apache.axis.strategies.InvocationStrategy.visit(InvocationStrategy.java:32)
	at org.apache.axis.SimpleChain.doVisiting(SimpleChain.java:118)
	at org.apache.axis.SimpleChain.invoke(SimpleChain.java:83)
	at org.apache.axis.client.AxisClient.invoke(AxisClient.java:165)
	at org.apache.axis.client.Call.invokeEngine(Call.java:2784)
	at org.apache.axis.client.Call.invoke(Call.java:2767)
	at org.apache.axis.client.Call.invoke(Call.java:2443)
	at org.apache.axis.client.Call.invoke(Call.java:2366)
	at org.apache.axis.client.Call.invoke(Call.java:1812)
	at org.accada.epcis.soapapi.EPCISServiceBindingStub.poll(EPCISServiceBindingStub.java:1336)
	at org.accada.epcis.queryclient.QueryClientSoapImpl.runQuery(QueryClientSoapImpl.java:210)
	at org.accada.epcis.queryclient.QueryClientSoapImpl.runQuery(QueryClientSoapImpl.java:75)
	at org.accada.epcis.repository.test.ErrorMessagesTest.testSE50(ErrorMessagesTest.java:129)

testSE51(org.accada.epcis.repository.test.ErrorMessagesTest)  Time elapsed: 0.991 sec  <<< ERROR!
AxisFault
 faultCode: {http://schemas.xmlsoap.org/soap/envelope/}Server.userException
 faultSubcode: 
 faultString: java.net.ConnectException: Connection refused: connect
 faultActor: 
 faultNode: 
 faultDetail: 
	{http://xml.apache.org/axis/}stackTrace:java.net.ConnectException: Connection refused: connect
	at java.net.PlainSocketImpl.socketConnect(Native Method)
	at java.net.PlainSocketImpl.doConnect(PlainSocketImpl.java:333)
	at java.net.PlainSocketImpl.connectToAddress(PlainSocketImpl.java:195)
	at java.net.PlainSocketImpl.connect(PlainSocketImpl.java:182)
	at java.net.SocksSocketImpl.connect(SocksSocketImpl.java:364)
	at java.net.Socket.connect(Socket.java:507)
	at sun.reflect.NativeMethodAccessorImpl.invoke0(Native Method)
	at sun.reflect.NativeMethodAccessorImpl.invoke(NativeMethodAccessorImpl.java:39)
	at sun.reflect.DelegatingMethodAccessorImpl.invoke(DelegatingMethodAccessorImpl.java:25)
	at java.lang.reflect.Method.invoke(Method.java:585)
	at org.apache.axis.components.net.DefaultSocketFactory.create(DefaultSocketFactory.java:153)
	at org.apache.axis.components.net.DefaultSocketFactory.create(DefaultSocketFactory.java:120)
	at org.apache.axis.transport.http.HTTPSender.getSocket(HTTPSender.java:191)
	at org.apache.axis.transport.http.HTTPSender.writeToSocket(HTTPSender.java:404)
	at org.apache.axis.transport.http.HTTPSender.invoke(HTTPSender.java:138)
	at org.apache.axis.strategies.InvocationStrategy.visit(InvocationStrategy.java:32)
	at org.apache.axis.SimpleChain.doVisiting(SimpleChain.java:118)
	at org.apache.axis.SimpleChain.invoke(SimpleChain.java:83)
	at org.apache.axis.client.AxisClient.invoke(AxisClient.java:165)
	at org.apache.axis.client.Call.invokeEngine(Call.java:2784)
	at org.apache.axis.client.Call.invoke(Call.java:2767)
	at org.apache.axis.client.Call.invoke(Call.java:2443)
	at org.apache.axis.client.Call.invoke(Call.java:2366)
	at org.apache.axis.client.Call.invoke(Call.java:1812)
	at org.accada.epcis.soapapi.EPCISServiceBindingStub.poll(EPCISServiceBindingStub.java:1336)
	at org.accada.epcis.queryclient.QueryClientSoapImpl.runQuery(QueryClientSoapImpl.java:210)
	at org.accada.epcis.queryclient.QueryClientSoapImpl.runQuery(QueryClientSoapImpl.java:75)
	at org.accada.epcis.repository.test.ErrorMessagesTest.testSE51(ErrorMessagesTest.java:146)
	at sun.reflect.NativeMethodAccessorImpl.invoke0(Native Method)
	at sun.reflect.NativeMethodAccessorImpl.invoke(NativeMethodAccessorImpl.java:39)
	at sun.reflect.DelegatingMethodAccessorImpl.invoke(DelegatingMethodAccessorImpl.java:25)
	at java.lang.reflect.Method.invoke(Method.java:585)
	at junit.framework.TestCase.runTest(TestCase.java:154)
	at junit.framework.TestCase.runBare(TestCase.java:127)
	at junit.framework.TestResult$1.protect(TestResult.java:106)
	at junit.framework.TestResult.runProtected(TestResult.java:124)
	at junit.framework.TestResult.run(TestResult.java:109)
	at junit.framework.TestCase.run(TestCase.java:118)
	at junit.framework.TestSuite.runTest(TestSuite.java:208)
	at junit.framework.TestSuite.run(TestSuite.java:203)
	at sun.reflect.NativeMethodAccessorImpl.invoke0(Native Method)
	at sun.reflect.NativeMethodAccessorImpl.invoke(NativeMethodAccessorImpl.java:39)
	at sun.reflect.DelegatingMethodAccessorImpl.invoke(DelegatingMethodAccessorImpl.java:25)
	at java.lang.reflect.Method.invoke(Method.java:585)
	at org.apache.maven.surefire.junit.JUnitTestSet.execute(JUnitTestSet.java:210)
	at org.apache.maven.surefire.suite.AbstractDirectoryTestSuite.executeTestSet(AbstractDirectoryTestSuite.java:135)
	at org.apache.maven.surefire.suite.AbstractDirectoryTestSuite.execute(AbstractDirectoryTestSuite.java:122)
	at org.apache.maven.surefire.Surefire.run(Surefire.java:129)
	at sun.reflect.NativeMethodAccessorImpl.invoke0(Native Method)
	at sun.reflect.NativeMethodAccessorImpl.invoke(NativeMethodAccessorImpl.java:39)
	at sun.reflect.DelegatingMethodAccessorImpl.invoke(DelegatingMethodAccessorImpl.java:25)
	at java.lang.reflect.Method.invoke(Method.java:585)
	at org.apache.maven.surefire.booter.SurefireBooter.runSuitesInProcess(SurefireBooter.java:225)
	at org.apache.maven.surefire.booter.SurefireBooter.main(SurefireBooter.java:747)

	{http://xml.apache.org/axis/}hostname:Alea

java.net.ConnectException: Connection refused: connect
	at org.apache.axis.AxisFault.makeFault(AxisFault.java:101)
	at org.apache.axis.transport.http.HTTPSender.invoke(HTTPSender.java:154)
	at org.apache.axis.strategies.InvocationStrategy.visit(InvocationStrategy.java:32)
	at org.apache.axis.SimpleChain.doVisiting(SimpleChain.java:118)
	at org.apache.axis.SimpleChain.invoke(SimpleChain.java:83)
	at org.apache.axis.client.AxisClient.invoke(AxisClient.java:165)
	at org.apache.axis.client.Call.invokeEngine(Call.java:2784)
	at org.apache.axis.client.Call.invoke(Call.java:2767)
	at org.apache.axis.client.Call.invoke(Call.java:2443)
	at org.apache.axis.client.Call.invoke(Call.java:2366)
	at org.apache.axis.client.Call.invoke(Call.java:1812)
	at org.accada.epcis.soapapi.EPCISServiceBindingStub.poll(EPCISServiceBindingStub.java:1336)
	at org.accada.epcis.queryclient.QueryClientSoapImpl.runQuery(QueryClientSoapImpl.java:210)
	at org.accada.epcis.queryclient.QueryClientSoapImpl.runQuery(QueryClientSoapImpl.java:75)
	at org.accada.epcis.repository.test.ErrorMessagesTest.testSE51(ErrorMessagesTest.java:146)

testSE67(org.accada.epcis.repository.test.ErrorMessagesTest)  Time elapsed: 0.992 sec  <<< ERROR!
AxisFault
 faultCode: {http://schemas.xmlsoap.org/soap/envelope/}Server.userException
 faultSubcode: 
 faultString: java.net.ConnectException: Connection refused: connect
 faultActor: 
 faultNode: 
 faultDetail: 
	{http://xml.apache.org/axis/}stackTrace:java.net.ConnectException: Connection refused: connect
	at java.net.PlainSocketImpl.socketConnect(Native Method)
	at java.net.PlainSocketImpl.doConnect(PlainSocketImpl.java:333)
	at java.net.PlainSocketImpl.connectToAddress(PlainSocketImpl.java:195)
	at java.net.PlainSocketImpl.connect(PlainSocketImpl.java:182)
	at java.net.SocksSocketImpl.connect(SocksSocketImpl.java:364)
	at java.net.Socket.connect(Socket.java:507)
	at sun.reflect.NativeMethodAccessorImpl.invoke0(Native Method)
	at sun.reflect.NativeMethodAccessorImpl.invoke(NativeMethodAccessorImpl.java:39)
	at sun.reflect.DelegatingMethodAccessorImpl.invoke(DelegatingMethodAccessorImpl.java:25)
	at java.lang.reflect.Method.invoke(Method.java:585)
	at org.apache.axis.components.net.DefaultSocketFactory.create(DefaultSocketFactory.java:153)
	at org.apache.axis.components.net.DefaultSocketFactory.create(DefaultSocketFactory.java:120)
	at org.apache.axis.transport.http.HTTPSender.getSocket(HTTPSender.java:191)
	at org.apache.axis.transport.http.HTTPSender.writeToSocket(HTTPSender.java:404)
	at org.apache.axis.transport.http.HTTPSender.invoke(HTTPSender.java:138)
	at org.apache.axis.strategies.InvocationStrategy.visit(InvocationStrategy.java:32)
	at org.apache.axis.SimpleChain.doVisiting(SimpleChain.java:118)
	at org.apache.axis.SimpleChain.invoke(SimpleChain.java:83)
	at org.apache.axis.client.AxisClient.invoke(AxisClient.java:165)
	at org.apache.axis.client.Call.invokeEngine(Call.java:2784)
	at org.apache.axis.client.Call.invoke(Call.java:2767)
	at org.apache.axis.client.Call.invoke(Call.java:2443)
	at org.apache.axis.client.Call.invoke(Call.java:2366)
	at org.apache.axis.client.Call.invoke(Call.java:1812)
	at org.accada.epcis.soapapi.EPCISServiceBindingStub.getVendorVersion(EPCISServiceBindingStub.java:1440)
	at org.accada.epcis.queryclient.QueryClientBase.queryVendorVersion(QueryClientBase.java:124)
	at org.accada.epcis.repository.test.ErrorMessagesTest.testSE67(ErrorMessagesTest.java:156)
	at sun.reflect.NativeMethodAccessorImpl.invoke0(Native Method)
	at sun.reflect.NativeMethodAccessorImpl.invoke(NativeMethodAccessorImpl.java:39)
	at sun.reflect.DelegatingMethodAccessorImpl.invoke(DelegatingMethodAccessorImpl.java:25)
	at java.lang.reflect.Method.invoke(Method.java:585)
	at junit.framework.TestCase.runTest(TestCase.java:154)
	at junit.framework.TestCase.runBare(TestCase.java:127)
	at junit.framework.TestResult$1.protect(TestResult.java:106)
	at junit.framework.TestResult.runProtected(TestResult.java:124)
	at junit.framework.TestResult.run(TestResult.java:109)
	at junit.framework.TestCase.run(TestCase.java:118)
	at junit.framework.TestSuite.runTest(TestSuite.java:208)
	at junit.framework.TestSuite.run(TestSuite.java:203)
	at sun.reflect.NativeMethodAccessorImpl.invoke0(Native Method)
	at sun.reflect.NativeMethodAccessorImpl.invoke(NativeMethodAccessorImpl.java:39)
	at sun.reflect.DelegatingMethodAccessorImpl.invoke(DelegatingMethodAccessorImpl.java:25)
	at java.lang.reflect.Method.invoke(Method.java:585)
	at org.apache.maven.surefire.junit.JUnitTestSet.execute(JUnitTestSet.java:210)
	at org.apache.maven.surefire.suite.AbstractDirectoryTestSuite.executeTestSet(AbstractDirectoryTestSuite.java:135)
	at org.apache.maven.surefire.suite.AbstractDirectoryTestSuite.execute(AbstractDirectoryTestSuite.java:122)
	at org.apache.maven.surefire.Surefire.run(Surefire.java:129)
	at sun.reflect.NativeMethodAccessorImpl.invoke0(Native Method)
	at sun.reflect.NativeMethodAccessorImpl.invoke(NativeMethodAccessorImpl.java:39)
	at sun.reflect.DelegatingMethodAccessorImpl.invoke(DelegatingMethodAccessorImpl.java:25)
	at java.lang.reflect.Method.invoke(Method.java:585)
	at org.apache.maven.surefire.booter.SurefireBooter.runSuitesInProcess(SurefireBooter.java:225)
	at org.apache.maven.surefire.booter.SurefireBooter.main(SurefireBooter.java:747)

	{http://xml.apache.org/axis/}hostname:Alea

java.net.ConnectException: Connection refused: connect
	at org.apache.axis.AxisFault.makeFault(AxisFault.java:101)
	at org.apache.axis.transport.http.HTTPSender.invoke(HTTPSender.java:154)
	at org.apache.axis.strategies.InvocationStrategy.visit(InvocationStrategy.java:32)
	at org.apache.axis.SimpleChain.doVisiting(SimpleChain.java:118)
	at org.apache.axis.SimpleChain.invoke(SimpleChain.java:83)
	at org.apache.axis.client.AxisClient.invoke(AxisClient.java:165)
	at org.apache.axis.client.Call.invokeEngine(Call.java:2784)
	at org.apache.axis.client.Call.invoke(Call.java:2767)
	at org.apache.axis.client.Call.invoke(Call.java:2443)
	at org.apache.axis.client.Call.invoke(Call.java:2366)
	at org.apache.axis.client.Call.invoke(Call.java:1812)
	at org.accada.epcis.soapapi.EPCISServiceBindingStub.getVendorVersion(EPCISServiceBindingStub.java:1440)
	at org.accada.epcis.queryclient.QueryClientBase.queryVendorVersion(QueryClientBase.java:124)
	at org.accada.epcis.repository.test.ErrorMessagesTest.testSE67(ErrorMessagesTest.java:156)

testSE70(org.accada.epcis.repository.test.ErrorMessagesTest)  Time elapsed: 0.991 sec  <<< ERROR!
AxisFault
 faultCode: {http://schemas.xmlsoap.org/soap/envelope/}Server.userException
 faultSubcode: 
 faultString: java.net.ConnectException: Connection refused: connect
 faultActor: 
 faultNode: 
 faultDetail: 
	{http://xml.apache.org/axis/}stackTrace:java.net.ConnectException: Connection refused: connect
	at java.net.PlainSocketImpl.socketConnect(Native Method)
	at java.net.PlainSocketImpl.doConnect(PlainSocketImpl.java:333)
	at java.net.PlainSocketImpl.connectToAddress(PlainSocketImpl.java:195)
	at java.net.PlainSocketImpl.connect(PlainSocketImpl.java:182)
	at java.net.SocksSocketImpl.connect(SocksSocketImpl.java:364)
	at java.net.Socket.connect(Socket.java:507)
	at sun.reflect.NativeMethodAccessorImpl.invoke0(Native Method)
	at sun.reflect.NativeMethodAccessorImpl.invoke(NativeMethodAccessorImpl.java:39)
	at sun.reflect.DelegatingMethodAccessorImpl.invoke(DelegatingMethodAccessorImpl.java:25)
	at java.lang.reflect.Method.invoke(Method.java:585)
	at org.apache.axis.components.net.DefaultSocketFactory.create(DefaultSocketFactory.java:153)
	at org.apache.axis.components.net.DefaultSocketFactory.create(DefaultSocketFactory.java:120)
	at org.apache.axis.transport.http.HTTPSender.getSocket(HTTPSender.java:191)
	at org.apache.axis.transport.http.HTTPSender.writeToSocket(HTTPSender.java:404)
	at org.apache.axis.transport.http.HTTPSender.invoke(HTTPSender.java:138)
	at org.apache.axis.strategies.InvocationStrategy.visit(InvocationStrategy.java:32)
	at org.apache.axis.SimpleChain.doVisiting(SimpleChain.java:118)
	at org.apache.axis.SimpleChain.invoke(SimpleChain.java:83)
	at org.apache.axis.client.AxisClient.invoke(AxisClient.java:165)
	at org.apache.axis.client.Call.invokeEngine(Call.java:2784)
	at org.apache.axis.client.Call.invoke(Call.java:2767)
	at org.apache.axis.client.Call.invoke(Call.java:2443)
	at org.apache.axis.client.Call.invoke(Call.java:2366)
	at org.apache.axis.client.Call.invoke(Call.java:1812)
	at org.accada.epcis.soapapi.EPCISServiceBindingStub.poll(EPCISServiceBindingStub.java:1336)
	at org.accada.epcis.queryclient.QueryClientSoapImpl.runQuery(QueryClientSoapImpl.java:210)
	at org.accada.epcis.queryclient.QueryClientSoapImpl.runQuery(QueryClientSoapImpl.java:75)
	at org.accada.epcis.repository.test.ErrorMessagesTest.testSE70(ErrorMessagesTest.java:167)
	at sun.reflect.NativeMethodAccessorImpl.invoke0(Native Method)
	at sun.reflect.NativeMethodAccessorImpl.invoke(NativeMethodAccessorImpl.java:39)
	at sun.reflect.DelegatingMethodAccessorImpl.invoke(DelegatingMethodAccessorImpl.java:25)
	at java.lang.reflect.Method.invoke(Method.java:585)
	at junit.framework.TestCase.runTest(TestCase.java:154)
	at junit.framework.TestCase.runBare(TestCase.java:127)
	at junit.framework.TestResult$1.protect(TestResult.java:106)
	at junit.framework.TestResult.runProtected(TestResult.java:124)
	at junit.framework.TestResult.run(TestResult.java:109)
	at junit.framework.TestCase.run(TestCase.java:118)
	at junit.framework.TestSuite.runTest(TestSuite.java:208)
	at junit.framework.TestSuite.run(TestSuite.java:203)
	at sun.reflect.NativeMethodAccessorImpl.invoke0(Native Method)
	at sun.reflect.NativeMethodAccessorImpl.invoke(NativeMethodAccessorImpl.java:39)
	at sun.reflect.DelegatingMethodAccessorImpl.invoke(DelegatingMethodAccessorImpl.java:25)
	at java.lang.reflect.Method.invoke(Method.java:585)
	at org.apache.maven.surefire.junit.JUnitTestSet.execute(JUnitTestSet.java:210)
	at org.apache.maven.surefire.suite.AbstractDirectoryTestSuite.executeTestSet(AbstractDirectoryTestSuite.java:135)
	at org.apache.maven.surefire.suite.AbstractDirectoryTestSuite.execute(AbstractDirectoryTestSuite.java:122)
	at org.apache.maven.surefire.Surefire.run(Surefire.java:129)
	at sun.reflect.NativeMethodAccessorImpl.invoke0(Native Method)
	at sun.reflect.NativeMethodAccessorImpl.invoke(NativeMethodAccessorImpl.java:39)
	at sun.reflect.DelegatingMethodAccessorImpl.invoke(DelegatingMethodAccessorImpl.java:25)
	at java.lang.reflect.Method.invoke(Method.java:585)
	at org.apache.maven.surefire.booter.SurefireBooter.runSuitesInProcess(SurefireBooter.java:225)
	at org.apache.maven.surefire.booter.SurefireBooter.main(SurefireBooter.java:747)

	{http://xml.apache.org/axis/}hostname:Alea

java.net.ConnectException: Connection refused: connect
	at org.apache.axis.AxisFault.makeFault(AxisFault.java:101)
	at org.apache.axis.transport.http.HTTPSender.invoke(HTTPSender.java:154)
	at org.apache.axis.strategies.InvocationStrategy.visit(InvocationStrategy.java:32)
	at org.apache.axis.SimpleChain.doVisiting(SimpleChain.java:118)
	at org.apache.axis.SimpleChain.invoke(SimpleChain.java:83)
	at org.apache.axis.client.AxisClient.invoke(AxisClient.java:165)
	at org.apache.axis.client.Call.invokeEngine(Call.java:2784)
	at org.apache.axis.client.Call.invoke(Call.java:2767)
	at org.apache.axis.client.Call.invoke(Call.java:2443)
	at org.apache.axis.client.Call.invoke(Call.java:2366)
	at org.apache.axis.client.Call.invoke(Call.java:1812)
	at org.accada.epcis.soapapi.EPCISServiceBindingStub.poll(EPCISServiceBindingStub.java:1336)
	at org.accada.epcis.queryclient.QueryClientSoapImpl.runQuery(QueryClientSoapImpl.java:210)
	at org.accada.epcis.queryclient.QueryClientSoapImpl.runQuery(QueryClientSoapImpl.java:75)
	at org.accada.epcis.repository.test.ErrorMessagesTest.testSE70(ErrorMessagesTest.java:167)

testSE71(org.accada.epcis.repository.test.ErrorMessagesTest)  Time elapsed: 1.092 sec  <<< ERROR!
AxisFault
 faultCode: {http://schemas.xmlsoap.org/soap/envelope/}Server.userException
 faultSubcode: 
 faultString: java.net.ConnectException: Connection refused: connect
 faultActor: 
 faultNode: 
 faultDetail: 
	{http://xml.apache.org/axis/}stackTrace:java.net.ConnectException: Connection refused: connect
	at java.net.PlainSocketImpl.socketConnect(Native Method)
	at java.net.PlainSocketImpl.doConnect(PlainSocketImpl.java:333)
	at java.net.PlainSocketImpl.connectToAddress(PlainSocketImpl.java:195)
	at java.net.PlainSocketImpl.connect(PlainSocketImpl.java:182)
	at java.net.SocksSocketImpl.connect(SocksSocketImpl.java:364)
	at java.net.Socket.connect(Socket.java:507)
	at sun.reflect.NativeMethodAccessorImpl.invoke0(Native Method)
	at sun.reflect.NativeMethodAccessorImpl.invoke(NativeMethodAccessorImpl.java:39)
	at sun.reflect.DelegatingMethodAccessorImpl.invoke(DelegatingMethodAccessorImpl.java:25)
	at java.lang.reflect.Method.invoke(Method.java:585)
	at org.apache.axis.components.net.DefaultSocketFactory.create(DefaultSocketFactory.java:153)
	at org.apache.axis.components.net.DefaultSocketFactory.create(DefaultSocketFactory.java:120)
	at org.apache.axis.transport.http.HTTPSender.getSocket(HTTPSender.java:191)
	at org.apache.axis.transport.http.HTTPSender.writeToSocket(HTTPSender.java:404)
	at org.apache.axis.transport.http.HTTPSender.invoke(HTTPSender.java:138)
	at org.apache.axis.strategies.InvocationStrategy.visit(InvocationStrategy.java:32)
	at org.apache.axis.SimpleChain.doVisiting(SimpleChain.java:118)
	at org.apache.axis.SimpleChain.invoke(SimpleChain.java:83)
	at org.apache.axis.client.AxisClient.invoke(AxisClient.java:165)
	at org.apache.axis.client.Call.invokeEngine(Call.java:2784)
	at org.apache.axis.client.Call.invoke(Call.java:2767)
	at org.apache.axis.client.Call.invoke(Call.java:2443)
	at org.apache.axis.client.Call.invoke(Call.java:2366)
	at org.apache.axis.client.Call.invoke(Call.java:1812)
	at org.accada.epcis.soapapi.EPCISServiceBindingStub.poll(EPCISServiceBindingStub.java:1336)
	at org.accada.epcis.queryclient.QueryClientSoapImpl.runQuery(QueryClientSoapImpl.java:210)
	at org.accada.epcis.queryclient.QueryClientSoapImpl.runQuery(QueryClientSoapImpl.java:75)
	at org.accada.epcis.repository.test.ErrorMessagesTest.testSE71(ErrorMessagesTest.java:181)
	at sun.reflect.NativeMethodAccessorImpl.invoke0(Native Method)
	at sun.reflect.NativeMethodAccessorImpl.invoke(NativeMethodAccessorImpl.java:39)
	at sun.reflect.DelegatingMethodAccessorImpl.invoke(DelegatingMethodAccessorImpl.java:25)
	at java.lang.reflect.Method.invoke(Method.java:585)
	at junit.framework.TestCase.runTest(TestCase.java:154)
	at junit.framework.TestCase.runBare(TestCase.java:127)
	at junit.framework.TestResult$1.protect(TestResult.java:106)
	at junit.framework.TestResult.runProtected(TestResult.java:124)
	at junit.framework.TestResult.run(TestResult.java:109)
	at junit.framework.TestCase.run(TestCase.java:118)
	at junit.framework.TestSuite.runTest(TestSuite.java:208)
	at junit.framework.TestSuite.run(TestSuite.java:203)
	at sun.reflect.NativeMethodAccessorImpl.invoke0(Native Method)
	at sun.reflect.NativeMethodAccessorImpl.invoke(NativeMethodAccessorImpl.java:39)
	at sun.reflect.DelegatingMethodAccessorImpl.invoke(DelegatingMethodAccessorImpl.java:25)
	at java.lang.reflect.Method.invoke(Method.java:585)
	at org.apache.maven.surefire.junit.JUnitTestSet.execute(JUnitTestSet.java:210)
	at org.apache.maven.surefire.suite.AbstractDirectoryTestSuite.executeTestSet(AbstractDirectoryTestSuite.java:135)
	at org.apache.maven.surefire.suite.AbstractDirectoryTestSuite.execute(AbstractDirectoryTestSuite.java:122)
	at org.apache.maven.surefire.Surefire.run(Surefire.java:129)
	at sun.reflect.NativeMethodAccessorImpl.invoke0(Native Method)
	at sun.reflect.NativeMethodAccessorImpl.invoke(NativeMethodAccessorImpl.java:39)
	at sun.reflect.DelegatingMethodAccessorImpl.invoke(DelegatingMethodAccessorImpl.java:25)
	at java.lang.reflect.Method.invoke(Method.java:585)
	at org.apache.maven.surefire.booter.SurefireBooter.runSuitesInProcess(SurefireBooter.java:225)
	at org.apache.maven.surefire.booter.SurefireBooter.main(SurefireBooter.java:747)

	{http://xml.apache.org/axis/}hostname:Alea

java.net.ConnectException: Connection refused: connect
	at org.apache.axis.AxisFault.makeFault(AxisFault.java:101)
	at org.apache.axis.transport.http.HTTPSender.invoke(HTTPSender.java:154)
	at org.apache.axis.strategies.InvocationStrategy.visit(InvocationStrategy.java:32)
	at org.apache.axis.SimpleChain.doVisiting(SimpleChain.java:118)
	at org.apache.axis.SimpleChain.invoke(SimpleChain.java:83)
	at org.apache.axis.client.AxisClient.invoke(AxisClient.java:165)
	at org.apache.axis.client.Call.invokeEngine(Call.java:2784)
	at org.apache.axis.client.Call.invoke(Call.java:2767)
	at org.apache.axis.client.Call.invoke(Call.java:2443)
	at org.apache.axis.client.Call.invoke(Call.java:2366)
	at org.apache.axis.client.Call.invoke(Call.java:1812)
	at org.accada.epcis.soapapi.EPCISServiceBindingStub.poll(EPCISServiceBindingStub.java:1336)
	at org.accada.epcis.queryclient.QueryClientSoapImpl.runQuery(QueryClientSoapImpl.java:210)
	at org.accada.epcis.queryclient.QueryClientSoapImpl.runQuery(QueryClientSoapImpl.java:75)
	at org.accada.epcis.repository.test.ErrorMessagesTest.testSE71(ErrorMessagesTest.java:181)

testSE72(org.accada.epcis.repository.test.ErrorMessagesTest)  Time elapsed: 1.001 sec  <<< ERROR!
AxisFault
 faultCode: {http://schemas.xmlsoap.org/soap/envelope/}Server.userException
 faultSubcode: 
 faultString: java.net.ConnectException: Connection refused: connect
 faultActor: 
 faultNode: 
 faultDetail: 
	{http://xml.apache.org/axis/}stackTrace:java.net.ConnectException: Connection refused: connect
	at java.net.PlainSocketImpl.socketConnect(Native Method)
	at java.net.PlainSocketImpl.doConnect(PlainSocketImpl.java:333)
	at java.net.PlainSocketImpl.connectToAddress(PlainSocketImpl.java:195)
	at java.net.PlainSocketImpl.connect(PlainSocketImpl.java:182)
	at java.net.SocksSocketImpl.connect(SocksSocketImpl.java:364)
	at java.net.Socket.connect(Socket.java:507)
	at sun.reflect.NativeMethodAccessorImpl.invoke0(Native Method)
	at sun.reflect.NativeMethodAccessorImpl.invoke(NativeMethodAccessorImpl.java:39)
	at sun.reflect.DelegatingMethodAccessorImpl.invoke(DelegatingMethodAccessorImpl.java:25)
	at java.lang.reflect.Method.invoke(Method.java:585)
	at org.apache.axis.components.net.DefaultSocketFactory.create(DefaultSocketFactory.java:153)
	at org.apache.axis.components.net.DefaultSocketFactory.create(DefaultSocketFactory.java:120)
	at org.apache.axis.transport.http.HTTPSender.getSocket(HTTPSender.java:191)
	at org.apache.axis.transport.http.HTTPSender.writeToSocket(HTTPSender.java:404)
	at org.apache.axis.transport.http.HTTPSender.invoke(HTTPSender.java:138)
	at org.apache.axis.strategies.InvocationStrategy.visit(InvocationStrategy.java:32)
	at org.apache.axis.SimpleChain.doVisiting(SimpleChain.java:118)
	at org.apache.axis.SimpleChain.invoke(SimpleChain.java:83)
	at org.apache.axis.client.AxisClient.invoke(AxisClient.java:165)
	at org.apache.axis.client.Call.invokeEngine(Call.java:2784)
	at org.apache.axis.client.Call.invoke(Call.java:2767)
	at org.apache.axis.client.Call.invoke(Call.java:2443)
	at org.apache.axis.client.Call.invoke(Call.java:2366)
	at org.apache.axis.client.Call.invoke(Call.java:1812)
	at org.accada.epcis.soapapi.EPCISServiceBindingStub.poll(EPCISServiceBindingStub.java:1336)
	at org.accada.epcis.queryclient.QueryClientSoapImpl.runQuery(QueryClientSoapImpl.java:210)
	at org.accada.epcis.queryclient.QueryClientSoapImpl.runQuery(QueryClientSoapImpl.java:75)
	at org.accada.epcis.repository.test.ErrorMessagesTest.testSE72(ErrorMessagesTest.java:195)
	at sun.reflect.NativeMethodAccessorImpl.invoke0(Native Method)
	at sun.reflect.NativeMethodAccessorImpl.invoke(NativeMethodAccessorImpl.java:39)
	at sun.reflect.DelegatingMethodAccessorImpl.invoke(DelegatingMethodAccessorImpl.java:25)
	at java.lang.reflect.Method.invoke(Method.java:585)
	at junit.framework.TestCase.runTest(TestCase.java:154)
	at junit.framework.TestCase.runBare(TestCase.java:127)
	at junit.framework.TestResult$1.protect(TestResult.java:106)
	at junit.framework.TestResult.runProtected(TestResult.java:124)
	at junit.framework.TestResult.run(TestResult.java:109)
	at junit.framework.TestCase.run(TestCase.java:118)
	at junit.framework.TestSuite.runTest(TestSuite.java:208)
	at junit.framework.TestSuite.run(TestSuite.java:203)
	at sun.reflect.NativeMethodAccessorImpl.invoke0(Native Method)
	at sun.reflect.NativeMethodAccessorImpl.invoke(NativeMethodAccessorImpl.java:39)
	at sun.reflect.DelegatingMethodAccessorImpl.invoke(DelegatingMethodAccessorImpl.java:25)
	at java.lang.reflect.Method.invoke(Method.java:585)
	at org.apache.maven.surefire.junit.JUnitTestSet.execute(JUnitTestSet.java:210)
	at org.apache.maven.surefire.suite.AbstractDirectoryTestSuite.executeTestSet(AbstractDirectoryTestSuite.java:135)
	at org.apache.maven.surefire.suite.AbstractDirectoryTestSuite.execute(AbstractDirectoryTestSuite.java:122)
	at org.apache.maven.surefire.Surefire.run(Surefire.java:129)
	at sun.reflect.NativeMethodAccessorImpl.invoke0(Native Method)
	at sun.reflect.NativeMethodAccessorImpl.invoke(NativeMethodAccessorImpl.java:39)
	at sun.reflect.DelegatingMethodAccessorImpl.invoke(DelegatingMethodAccessorImpl.java:25)
	at java.lang.reflect.Method.invoke(Method.java:585)
	at org.apache.maven.surefire.booter.SurefireBooter.runSuitesInProcess(SurefireBooter.java:225)
	at org.apache.maven.surefire.booter.SurefireBooter.main(SurefireBooter.java:747)

	{http://xml.apache.org/axis/}hostname:Alea

java.net.ConnectException: Connection refused: connect
	at org.apache.axis.AxisFault.makeFault(AxisFault.java:101)
	at org.apache.axis.transport.http.HTTPSender.invoke(HTTPSender.java:154)
	at org.apache.axis.strategies.InvocationStrategy.visit(InvocationStrategy.java:32)
	at org.apache.axis.SimpleChain.doVisiting(SimpleChain.java:118)
	at org.apache.axis.SimpleChain.invoke(SimpleChain.java:83)
	at org.apache.axis.client.AxisClient.invoke(AxisClient.java:165)
	at org.apache.axis.client.Call.invokeEngine(Call.java:2784)
	at org.apache.axis.client.Call.invoke(Call.java:2767)
	at org.apache.axis.client.Call.invoke(Call.java:2443)
	at org.apache.axis.client.Call.invoke(Call.java:2366)
	at org.apache.axis.client.Call.invoke(Call.java:1812)
	at org.accada.epcis.soapapi.EPCISServiceBindingStub.poll(EPCISServiceBindingStub.java:1336)
	at org.accada.epcis.queryclient.QueryClientSoapImpl.runQuery(QueryClientSoapImpl.java:210)
	at org.accada.epcis.queryclient.QueryClientSoapImpl.runQuery(QueryClientSoapImpl.java:75)
	at org.accada.epcis.repository.test.ErrorMessagesTest.testSE72(ErrorMessagesTest.java:195)

testSE73(org.accada.epcis.repository.test.ErrorMessagesTest)  Time elapsed: 1.001 sec  <<< ERROR!
AxisFault
 faultCode: {http://schemas.xmlsoap.org/soap/envelope/}Server.userException
 faultSubcode: 
 faultString: java.net.ConnectException: Connection refused: connect
 faultActor: 
 faultNode: 
 faultDetail: 
	{http://xml.apache.org/axis/}stackTrace:java.net.ConnectException: Connection refused: connect
	at java.net.PlainSocketImpl.socketConnect(Native Method)
	at java.net.PlainSocketImpl.doConnect(PlainSocketImpl.java:333)
	at java.net.PlainSocketImpl.connectToAddress(PlainSocketImpl.java:195)
	at java.net.PlainSocketImpl.connect(PlainSocketImpl.java:182)
	at java.net.SocksSocketImpl.connect(SocksSocketImpl.java:364)
	at java.net.Socket.connect(Socket.java:507)
	at sun.reflect.NativeMethodAccessorImpl.invoke0(Native Method)
	at sun.reflect.NativeMethodAccessorImpl.invoke(NativeMethodAccessorImpl.java:39)
	at sun.reflect.DelegatingMethodAccessorImpl.invoke(DelegatingMethodAccessorImpl.java:25)
	at java.lang.reflect.Method.invoke(Method.java:585)
	at org.apache.axis.components.net.DefaultSocketFactory.create(DefaultSocketFactory.java:153)
	at org.apache.axis.components.net.DefaultSocketFactory.create(DefaultSocketFactory.java:120)
	at org.apache.axis.transport.http.HTTPSender.getSocket(HTTPSender.java:191)
	at org.apache.axis.transport.http.HTTPSender.writeToSocket(HTTPSender.java:404)
	at org.apache.axis.transport.http.HTTPSender.invoke(HTTPSender.java:138)
	at org.apache.axis.strategies.InvocationStrategy.visit(InvocationStrategy.java:32)
	at org.apache.axis.SimpleChain.doVisiting(SimpleChain.java:118)
	at org.apache.axis.SimpleChain.invoke(SimpleChain.java:83)
	at org.apache.axis.client.AxisClient.invoke(AxisClient.java:165)
	at org.apache.axis.client.Call.invokeEngine(Call.java:2784)
	at org.apache.axis.client.Call.invoke(Call.java:2767)
	at org.apache.axis.client.Call.invoke(Call.java:2443)
	at org.apache.axis.client.Call.invoke(Call.java:2366)
	at org.apache.axis.client.Call.invoke(Call.java:1812)
	at org.accada.epcis.soapapi.EPCISServiceBindingStub.poll(EPCISServiceBindingStub.java:1336)
	at org.accada.epcis.queryclient.QueryClientSoapImpl.runQuery(QueryClientSoapImpl.java:210)
	at org.accada.epcis.queryclient.QueryClientSoapImpl.runQuery(QueryClientSoapImpl.java:75)
	at org.accada.epcis.repository.test.ErrorMessagesTest.testSE73(ErrorMessagesTest.java:208)
	at sun.reflect.NativeMethodAccessorImpl.invoke0(Native Method)
	at sun.reflect.NativeMethodAccessorImpl.invoke(NativeMethodAccessorImpl.java:39)
	at sun.reflect.DelegatingMethodAccessorImpl.invoke(DelegatingMethodAccessorImpl.java:25)
	at java.lang.reflect.Method.invoke(Method.java:585)
	at junit.framework.TestCase.runTest(TestCase.java:154)
	at junit.framework.TestCase.runBare(TestCase.java:127)
	at junit.framework.TestResult$1.protect(TestResult.java:106)
	at junit.framework.TestResult.runProtected(TestResult.java:124)
	at junit.framework.TestResult.run(TestResult.java:109)
	at junit.framework.TestCase.run(TestCase.java:118)
	at junit.framework.TestSuite.runTest(TestSuite.java:208)
	at junit.framework.TestSuite.run(TestSuite.java:203)
	at sun.reflect.NativeMethodAccessorImpl.invoke0(Native Method)
	at sun.reflect.NativeMethodAccessorImpl.invoke(NativeMethodAccessorImpl.java:39)
	at sun.reflect.DelegatingMethodAccessorImpl.invoke(DelegatingMethodAccessorImpl.java:25)
	at java.lang.reflect.Method.invoke(Method.java:585)
	at org.apache.maven.surefire.junit.JUnitTestSet.execute(JUnitTestSet.java:210)
	at org.apache.maven.surefire.suite.AbstractDirectoryTestSuite.executeTestSet(AbstractDirectoryTestSuite.java:135)
	at org.apache.maven.surefire.suite.AbstractDirectoryTestSuite.execute(AbstractDirectoryTestSuite.java:122)
	at org.apache.maven.surefire.Surefire.run(Surefire.java:129)
	at sun.reflect.NativeMethodAccessorImpl.invoke0(Native Method)
	at sun.reflect.NativeMethodAccessorImpl.invoke(NativeMethodAccessorImpl.java:39)
	at sun.reflect.DelegatingMethodAccessorImpl.invoke(DelegatingMethodAccessorImpl.java:25)
	at java.lang.reflect.Method.invoke(Method.java:585)
	at org.apache.maven.surefire.booter.SurefireBooter.runSuitesInProcess(SurefireBooter.java:225)
	at org.apache.maven.surefire.booter.SurefireBooter.main(SurefireBooter.java:747)

	{http://xml.apache.org/axis/}hostname:Alea

java.net.ConnectException: Connection refused: connect
	at org.apache.axis.AxisFault.makeFault(AxisFault.java:101)
	at org.apache.axis.transport.http.HTTPSender.invoke(HTTPSender.java:154)
	at org.apache.axis.strategies.InvocationStrategy.visit(InvocationStrategy.java:32)
	at org.apache.axis.SimpleChain.doVisiting(SimpleChain.java:118)
	at org.apache.axis.SimpleChain.invoke(SimpleChain.java:83)
	at org.apache.axis.client.AxisClient.invoke(AxisClient.java:165)
	at org.apache.axis.client.Call.invokeEngine(Call.java:2784)
	at org.apache.axis.client.Call.invoke(Call.java:2767)
	at org.apache.axis.client.Call.invoke(Call.java:2443)
	at org.apache.axis.client.Call.invoke(Call.java:2366)
	at org.apache.axis.client.Call.invoke(Call.java:1812)
	at org.accada.epcis.soapapi.EPCISServiceBindingStub.poll(EPCISServiceBindingStub.java:1336)
	at org.accada.epcis.queryclient.QueryClientSoapImpl.runQuery(QueryClientSoapImpl.java:210)
	at org.accada.epcis.queryclient.QueryClientSoapImpl.runQuery(QueryClientSoapImpl.java:75)
	at org.accada.epcis.repository.test.ErrorMessagesTest.testSE73(ErrorMessagesTest.java:208)

