<?xml version="1.0" encoding="UTF-8" ?>
<testsuite errors="10" skipped="0" tests="10" time="10.194" failures="0" name="org.accada.epcis.repository.test.ErrorMessagesTest">
  <properties>
[...]
</properties>
  <testcase time="0.03" name="testCommissionCases">
    <error type="java.lang.RuntimeException" message="Unable to load properties from file src\main\resources\application.properties">java.lang.RuntimeException: Unable to load properties from file src\main\resources\application.properties
	at org.accada.epcis.captureclient.CaptureInterfaceClient.init(CaptureInterfaceClient.java:61)
	at org.accada.epcis.captureclient.CaptureInterfaceClient.&amp;init&amp;(CaptureInterfaceClient.java:48)
	at org.accada.epcis.repository.test.DatasetCaptureTest.setUp(DatasetCaptureTest.java:49)
	at junit.framework.TestCase.runBare(TestCase.java:125)
	at junit.framework.TestResult$1.protect(TestResult.java:106)
	at junit.framework.TestResult.runProtected(TestResult.java:124)
	at junit.framework.TestResult.run(TestResult.java:109)
	at junit.framework.TestCase.run(TestCase.java:118)
	at junit.framework.TestSuite.runTest(TestSuite.java:208)
	at junit.framework.TestSuite.run(TestSuite.java:203)
	at sun.reflect.NativeMethodAccessorImpl.invoke0(Native Method)
	at sun.reflect.NativeMethodAccessorImpl.invoke(NativeMethodAccessorImpl.java:39)
	at sun.reflect.DelegatingMethodAccessorImpl.invoke(DelegatingMethodAccessorImpl.java:25)
	at java.lang.reflect.Method.invoke(Method.java:585)
	at org.apache.maven.surefire.junit.JUnitTestSet.execute(JUnitTestSet.java:210)
	at org.apache.maven.surefire.suite.AbstractDirectoryTestSuite.executeTestSet(AbstractDirectoryTestSuite.java:135)
	at org.apache.maven.surefire.suite.AbstractDirectoryTestSuite.execute(AbstractDirectoryTestSuite.java:122)
	at org.apache.maven.surefire.Surefire.run(Surefire.java:129)
	at sun.reflect.NativeMethodAccessorImpl.invoke0(Native Method)
	at sun.reflect.NativeMethodAccessorImpl.invoke(NativeMethodAccessorImpl.java:39)
	at sun.reflect.DelegatingMethodAccessorImpl.invoke(DelegatingMethodAccessorImpl.java:25)
	at java.lang.reflect.Method.invoke(Method.java:585)
	at org.apache.maven.surefire.booter.SurefireBooter.runSuitesInProcess(SurefireBooter.java:225)
	at org.apache.maven.surefire.booter.SurefireBooter.main(SurefireBooter.java:747)
Caused by: java.io.FileNotFoundException: src\main\resources\application.properties (The system cannot find the path specified)
	at java.io.FileInputStream.open(Native Method)
	at java.io.FileInputStream.&amp;init&amp;(FileInputStream.java:106)
	at org.accada.epcis.captureclient.CaptureInterfaceClient.init(CaptureInterfaceClient.java:59)
	... 23 more
</error>
  </testcase>
  <testcase time="0.01" name="testCommissionPallets">
    <error type="java.lang.RuntimeException" message="Unable to load properties from file src\main\resources\application.properties">java.lang.RuntimeException: Unable to load properties from file src\main\resources\application.properties
	at org.accada.epcis.captureclient.CaptureInterfaceClient.init(CaptureInterfaceClient.java:61)
	at org.accada.epcis.captureclient.CaptureInterfaceClient.&amp;init&amp;(CaptureInterfaceClient.java:48)
	at org.accada.epcis.repository.test.DatasetCaptureTest.setUp(DatasetCaptureTest.java:49)
	at junit.framework.TestCase.runBare(TestCase.java:125)
	at junit.framework.TestResult$1.protect(TestResult.java:106)
	at junit.framework.TestResult.runProtected(TestResult.java:124)
	at junit.framework.TestResult.run(TestResult.java:109)
	at junit.framework.TestCase.run(TestCase.java:118)
	at junit.framework.TestSuite.runTest(TestSuite.java:208)
	at junit.framework.TestSuite.run(TestSuite.java:203)
	at sun.reflect.NativeMethodAccessorImpl.invoke0(Native Method)
	at sun.reflect.NativeMethodAccessorImpl.invoke(NativeMethodAccessorImpl.java:39)
	at sun.reflect.DelegatingMethodAccessorImpl.invoke(DelegatingMethodAccessorImpl.java:25)
	at java.lang.reflect.Method.invoke(Method.java:585)
	at org.apache.maven.surefire.junit.JUnitTestSet.execute(JUnitTestSet.java:210)
	at org.apache.maven.surefire.suite.AbstractDirectoryTestSuite.executeTestSet(AbstractDirectoryTestSuite.java:135)
	at org.apache.maven.surefire.suite.AbstractDirectoryTestSuite.execute(AbstractDirectoryTestSuite.java:122)
	at org.apache.maven.surefire.Surefire.run(Surefire.java:129)
	at sun.reflect.NativeMethodAccessorImpl.invoke0(Native Method)
	at sun.reflect.NativeMethodAccessorImpl.invoke(NativeMethodAccessorImpl.java:39)
	at sun.reflect.DelegatingMethodAccessorImpl.invoke(DelegatingMethodAccessorImpl.java:25)
	at java.lang.reflect.Method.invoke(Method.java:585)
	at org.apache.maven.surefire.booter.SurefireBooter.runSuitesInProcess(SurefireBooter.java:225)
	at org.apache.maven.surefire.booter.SurefireBooter.main(SurefireBooter.java:747)
Caused by: java.io.FileNotFoundException: src\main\resources\application.properties (The system cannot find the path specified)
	at java.io.FileInputStream.open(Native Method)
	at java.io.FileInputStream.&amp;init&amp;(FileInputStream.java:106)
	at org.accada.epcis.captureclient.CaptureInterfaceClient.init(CaptureInterfaceClient.java:59)
	... 23 more
</error>
  </testcase>
  <testcase time="0" name="testPackCases">
    <error type="java.lang.RuntimeException" message="Unable to load properties from file src\main\resources\application.properties">java.lang.RuntimeException: Unable to load properties from file src\main\resources\application.properties
	at org.accada.epcis.captureclient.CaptureInterfaceClient.init(CaptureInterfaceClient.java:61)
	at org.accada.epcis.captureclient.CaptureInterfaceClient.&amp;init&amp;(CaptureInterfaceClient.java:48)
	at org.accada.epcis.repository.test.DatasetCaptureTest.setUp(DatasetCaptureTest.java:49)
	at junit.framework.TestCase.runBare(TestCase.java:125)
	at junit.framework.TestResult$1.protect(TestResult.java:106)
	at junit.framework.TestResult.runProtected(TestResult.java:124)
	at junit.framework.TestResult.run(TestResult.java:109)
	at junit.framework.TestCase.run(TestCase.java:118)
	at junit.framework.TestSuite.runTest(TestSuite.java:208)
	at junit.framework.TestSuite.run(TestSuite.java:203)
	at sun.reflect.NativeMethodAccessorImpl.invoke0(Native Method)
	at sun.reflect.NativeMethodAccessorImpl.invoke(NativeMethodAccessorImpl.java:39)
	at sun.reflect.DelegatingMethodAccessorImpl.invoke(DelegatingMethodAccessorImpl.java:25)
	at java.lang.reflect.Method.invoke(Method.java:585)
	at org.apache.maven.surefire.junit.JUnitTestSet.execute(JUnitTestSet.java:210)
	at org.apache.maven.surefire.suite.AbstractDirectoryTestSuite.executeTestSet(AbstractDirectoryTestSuite.java:135)
	at org.apache.maven.surefire.suite.AbstractDirectoryTestSuite.execute(AbstractDirectoryTestSuite.java:122)
	at org.apache.maven.surefire.Surefire.run(Surefire.java:129)
	at sun.reflect.NativeMethodAccessorImpl.invoke0(Native Method)
	at sun.reflect.NativeMethodAccessorImpl.invoke(NativeMethodAccessorImpl.java:39)
	at sun.reflect.DelegatingMethodAccessorImpl.invoke(DelegatingMethodAccessorImpl.java:25)
	at java.lang.reflect.Method.invoke(Method.java:585)
	at org.apache.maven.surefire.booter.SurefireBooter.runSuitesInProcess(SurefireBooter.java:225)
	at org.apache.maven.surefire.booter.SurefireBooter.main(SurefireBooter.java:747)
Caused by: java.io.FileNotFoundException: src\main\resources\application.properties (The system cannot find the path specified)
	at java.io.FileInputStream.open(Native Method)
	at java.io.FileInputStream.&amp;init&amp;(FileInputStream.java:106)
	at org.accada.epcis.captureclient.CaptureInterfaceClient.init(CaptureInterfaceClient.java:59)
	... 23 more
</error>
  </testcase>
  <testcase time="0.01" name="testReceivePallets">
    <error type="java.lang.RuntimeException" message="Unable to load properties from file src\main\resources\application.properties">java.lang.RuntimeException: Unable to load properties from file src\main\resources\application.properties
	at org.accada.epcis.captureclient.CaptureInterfaceClient.init(CaptureInterfaceClient.java:61)
	at org.accada.epcis.captureclient.CaptureInterfaceClient.&amp;init&amp;(CaptureInterfaceClient.java:48)
	at org.accada.epcis.repository.test.DatasetCaptureTest.setUp(DatasetCaptureTest.java:49)
	at junit.framework.TestCase.runBare(TestCase.java:125)
	at junit.framework.TestResult$1.protect(TestResult.java:106)
	at junit.framework.TestResult.runProtected(TestResult.java:124)
	at junit.framework.TestResult.run(TestResult.java:109)
	at junit.framework.TestCase.run(TestCase.java:118)
	at junit.framework.TestSuite.runTest(TestSuite.java:208)
	at junit.framework.TestSuite.run(TestSuite.java:203)
	at sun.reflect.NativeMethodAccessorImpl.invoke0(Native Method)
	at sun.reflect.NativeMethodAccessorImpl.invoke(NativeMethodAccessorImpl.java:39)
	at sun.reflect.DelegatingMethodAccessorImpl.invoke(DelegatingMethodAccessorImpl.java:25)
	at java.lang.reflect.Method.invoke(Method.java:585)
	at org.apache.maven.surefire.junit.JUnitTestSet.execute(JUnitTestSet.java:210)
	at org.apache.maven.surefire.suite.AbstractDirectoryTestSuite.executeTestSet(AbstractDirectoryTestSuite.java:135)
	at org.apache.maven.surefire.suite.AbstractDirectoryTestSuite.execute(AbstractDirectoryTestSuite.java:122)
	at org.apache.maven.surefire.Surefire.run(Surefire.java:129)
	at sun.reflect.NativeMethodAccessorImpl.invoke0(Native Method)
	at sun.reflect.NativeMethodAccessorImpl.invoke(NativeMethodAccessorImpl.java:39)
	at sun.reflect.DelegatingMethodAccessorImpl.invoke(DelegatingMethodAccessorImpl.java:25)
	at java.lang.reflect.Method.invoke(Method.java:585)
	at org.apache.maven.surefire.booter.SurefireBooter.runSuitesInProcess(SurefireBooter.java:225)
	at org.apache.maven.surefire.booter.SurefireBooter.main(SurefireBooter.java:747)
Caused by: java.io.FileNotFoundException: src\main\resources\application.properties (The system cannot find the path specified)
	at java.io.FileInputStream.open(Native Method)
	at java.io.FileInputStream.&amp;init&amp;(FileInputStream.java:106)
	at org.accada.epcis.captureclient.CaptureInterfaceClient.init(CaptureInterfaceClient.java:59)
	... 23 more
</error>
  </testcase>
  <testcase time="0" name="testPickOrder">
    <error type="java.lang.RuntimeException" message="Unable to load properties from file src\main\resources\application.properties">java.lang.RuntimeException: Unable to load properties from file src\main\resources\application.properties
	at org.accada.epcis.captureclient.CaptureInterfaceClient.init(CaptureInterfaceClient.java:61)
	at org.accada.epcis.captureclient.CaptureInterfaceClient.&amp;init&amp;(CaptureInterfaceClient.java:48)
	at org.accada.epcis.repository.test.DatasetCaptureTest.setUp(DatasetCaptureTest.java:49)
	at junit.framework.TestCase.runBare(TestCase.java:125)
	at junit.framework.TestResult$1.protect(TestResult.java:106)
	at junit.framework.TestResult.runProtected(TestResult.java:124)
	at junit.framework.TestResult.run(TestResult.java:109)
	at junit.framework.TestCase.run(TestCase.java:118)
	at junit.framework.TestSuite.runTest(TestSuite.java:208)
	at junit.framework.TestSuite.run(TestSuite.java:203)
	at sun.reflect.NativeMethodAccessorImpl.invoke0(Native Method)
	at sun.reflect.NativeMethodAccessorImpl.invoke(NativeMethodAccessorImpl.java:39)
	at sun.reflect.DelegatingMethodAccessorImpl.invoke(DelegatingMethodAccessorImpl.java:25)
	at java.lang.reflect.Method.invoke(Method.java:585)
	at org.apache.maven.surefire.junit.JUnitTestSet.execute(JUnitTestSet.java:210)
	at org.apache.maven.surefire.suite.AbstractDirectoryTestSuite.executeTestSet(AbstractDirectoryTestSuite.java:135)
	at org.apache.maven.surefire.suite.AbstractDirectoryTestSuite.execute(AbstractDirectoryTestSuite.java:122)
	at org.apache.maven.surefire.Surefire.run(Surefire.java:129)
	at sun.reflect.NativeMethodAccessorImpl.invoke0(Native Method)
	at sun.reflect.NativeMethodAccessorImpl.invoke(NativeMethodAccessorImpl.java:39)
	at sun.reflect.DelegatingMethodAccessorImpl.invoke(DelegatingMethodAccessorImpl.java:25)
	at java.lang.reflect.Method.invoke(Method.java:585)
	at org.apache.maven.surefire.booter.SurefireBooter.runSuitesInProcess(SurefireBooter.java:225)
	at org.apache.maven.surefire.booter.SurefireBooter.main(SurefireBooter.java:747)
Caused by: java.io.FileNotFoundException: src\main\resources\application.properties (The system cannot find the path specified)
	at java.io.FileInputStream.open(Native Method)
	at java.io.FileInputStream.&amp;init&amp;(FileInputStream.java:106)
	at org.accada.epcis.captureclient.CaptureInterfaceClient.init(CaptureInterfaceClient.java:59)
	... 23 more
</error>
  </testcase>
  <testcase time="0" name="testShipOrder">
    <error type="java.lang.RuntimeException" message="Unable to load properties from file src\main\resources\application.properties">java.lang.RuntimeException: Unable to load properties from file src\main\resources\application.properties
	at org.accada.epcis.captureclient.CaptureInterfaceClient.init(CaptureInterfaceClient.java:61)
	at org.accada.epcis.captureclient.CaptureInterfaceClient.&amp;init&amp;(CaptureInterfaceClient.java:48)
	at org.accada.epcis.repository.test.DatasetCaptureTest.setUp(DatasetCaptureTest.java:49)
	at junit.framework.TestCase.runBare(TestCase.java:125)
	at junit.framework.TestResult$1.protect(TestResult.java:106)
	at junit.framework.TestResult.runProtected(TestResult.java:124)
	at junit.framework.TestResult.run(TestResult.java:109)
	at junit.framework.TestCase.run(TestCase.java:118)
	at junit.framework.TestSuite.runTest(TestSuite.java:208)
	at junit.framework.TestSuite.run(TestSuite.java:203)
	at sun.reflect.NativeMethodAccessorImpl.invoke0(Native Method)
	at sun.reflect.NativeMethodAccessorImpl.invoke(NativeMethodAccessorImpl.java:39)
	at sun.reflect.DelegatingMethodAccessorImpl.invoke(DelegatingMethodAccessorImpl.java:25)
	at java.lang.reflect.Method.invoke(Method.java:585)
	at org.apache.maven.surefire.junit.JUnitTestSet.execute(JUnitTestSet.java:210)
	at org.apache.maven.surefire.suite.AbstractDirectoryTestSuite.executeTestSet(AbstractDirectoryTestSuite.java:135)
	at org.apache.maven.surefire.suite.AbstractDirectoryTestSuite.execute(AbstractDirectoryTestSuite.java:122)
	at org.apache.maven.surefire.Surefire.run(Surefire.java:129)
	at sun.reflect.NativeMethodAccessorImpl.invoke0(Native Method)
	at sun.reflect.NativeMethodAccessorImpl.invoke(NativeMethodAccessorImpl.java:39)
	at sun.reflect.DelegatingMethodAccessorImpl.invoke(DelegatingMethodAccessorImpl.java:25)
	at java.lang.reflect.Method.invoke(Method.java:585)
	at org.apache.maven.surefire.booter.SurefireBooter.runSuitesInProcess(SurefireBooter.java:225)
	at org.apache.maven.surefire.booter.SurefireBooter.main(SurefireBooter.java:747)
Caused by: java.io.FileNotFoundException: src\main\resources\application.properties (The system cannot find the path specified)
	at java.io.FileInputStream.open(Native Method)
	at java.io.FileInputStream.&amp;init&amp;(FileInputStream.java:106)
	at org.accada.epcis.captureclient.CaptureInterfaceClient.init(CaptureInterfaceClient.java:59)
	... 23 more
</error>
  </testcase>
  <testcase time="0.01" name="testReceiveOrder">
    <error type="java.lang.RuntimeException" message="Unable to load properties from file src\main\resources\application.properties">java.lang.RuntimeException: Unable to load properties from file src\main\resources\application.properties
	at org.accada.epcis.captureclient.CaptureInterfaceClient.init(CaptureInterfaceClient.java:61)
	at org.accada.epcis.captureclient.CaptureInterfaceClient.&amp;init&amp;(CaptureInterfaceClient.java:48)
	at org.accada.epcis.repository.test.DatasetCaptureTest.setUp(DatasetCaptureTest.java:49)
	at junit.framework.TestCase.runBare(TestCase.java:125)
	at junit.framework.TestResult$1.protect(TestResult.java:106)
	at junit.framework.TestResult.runProtected(TestResult.java:124)
	at junit.framework.TestResult.run(TestResult.java:109)
	at junit.framework.TestCase.run(TestCase.java:118)
	at junit.framework.TestSuite.runTest(TestSuite.java:208)
	at junit.framework.TestSuite.run(TestSuite.java:203)
	at sun.reflect.NativeMethodAccessorImpl.invoke0(Native Method)
	at sun.reflect.NativeMethodAccessorImpl.invoke(NativeMethodAccessorImpl.java:39)
	at sun.reflect.DelegatingMethodAccessorImpl.invoke(DelegatingMethodAccessorImpl.java:25)
	at java.lang.reflect.Method.invoke(Method.java:585)
	at org.apache.maven.surefire.junit.JUnitTestSet.execute(JUnitTestSet.java:210)
	at org.apache.maven.surefire.suite.AbstractDirectoryTestSuite.executeTestSet(AbstractDirectoryTestSuite.java:135)
	at org.apache.maven.surefire.suite.AbstractDirectoryTestSuite.execute(AbstractDirectoryTestSuite.java:122)
	at org.apache.maven.surefire.Surefire.run(Surefire.java:129)
	at sun.reflect.NativeMethodAccessorImpl.invoke0(Native Method)
	at sun.reflect.NativeMethodAccessorImpl.invoke(NativeMethodAccessorImpl.java:39)
	at sun.reflect.DelegatingMethodAccessorImpl.invoke(DelegatingMethodAccessorImpl.java:25)
	at java.lang.reflect.Method.invoke(Method.java:585)
	at org.apache.maven.surefire.booter.SurefireBooter.runSuitesInProcess(SurefireBooter.java:225)
	at org.apache.maven.surefire.booter.SurefireBooter.main(SurefireBooter.java:747)
Caused by: java.io.FileNotFoundException: src\main\resources\application.properties (The system cannot find the path specified)
	at java.io.FileInputStream.open(Native Method)
	at java.io.FileInputStream.&amp;init&amp;(FileInputStream.java:106)
	at org.accada.epcis.captureclient.CaptureInterfaceClient.init(CaptureInterfaceClient.java:59)
	... 23 more
</error>
  </testcase>
  <testcase time="0.01" name="testStoreInventory">
    <error type="java.lang.RuntimeException" message="Unable to load properties from file src\main\resources\application.properties">java.lang.RuntimeException: Unable to load properties from file src\main\resources\application.properties
	at org.accada.epcis.captureclient.CaptureInterfaceClient.init(CaptureInterfaceClient.java:61)
	at org.accada.epcis.captureclient.CaptureInterfaceClient.&amp;init&amp;(CaptureInterfaceClient.java:48)
	at org.accada.epcis.repository.test.DatasetCaptureTest.setUp(DatasetCaptureTest.java:49)
	at junit.framework.TestCase.runBare(TestCase.java:125)
	at junit.framework.TestResult$1.protect(TestResult.java:106)
	at junit.framework.TestResult.runProtected(TestResult.java:124)
	at junit.framework.TestResult.run(TestResult.java:109)
	at junit.framework.TestCase.run(TestCase.java:118)
	at junit.framework.TestSuite.runTest(TestSuite.java:208)
	at junit.framework.TestSuite.run(TestSuite.java:203)
	at sun.reflect.NativeMethodAccessorImpl.invoke0(Native Method)
	at sun.reflect.NativeMethodAccessorImpl.invoke(NativeMethodAccessorImpl.java:39)
	at sun.reflect.DelegatingMethodAccessorImpl.invoke(DelegatingMethodAccessorImpl.java:25)
	at java.lang.reflect.Method.invoke(Method.java:585)
	at org.apache.maven.surefire.junit.JUnitTestSet.execute(JUnitTestSet.java:210)
	at org.apache.maven.surefire.suite.AbstractDirectoryTestSuite.executeTestSet(AbstractDirectoryTestSuite.java:135)
	at org.apache.maven.surefire.suite.AbstractDirectoryTestSuite.execute(AbstractDirectoryTestSuite.java:122)
	at org.apache.maven.surefire.Surefire.run(Surefire.java:129)
	at sun.reflect.NativeMethodAccessorImpl.invoke0(Native Method)
	at sun.reflect.NativeMethodAccessorImpl.invoke(NativeMethodAccessorImpl.java:39)
	at sun.reflect.DelegatingMethodAccessorImpl.invoke(DelegatingMethodAccessorImpl.java:25)
	at java.lang.reflect.Method.invoke(Method.java:585)
	at org.apache.maven.surefire.booter.SurefireBooter.runSuitesInProcess(SurefireBooter.java:225)
	at org.apache.maven.surefire.booter.SurefireBooter.main(SurefireBooter.java:747)
Caused by: java.io.FileNotFoundException: src\main\resources\application.properties (The system cannot find the path specified)
	at java.io.FileInputStream.open(Native Method)
	at java.io.FileInputStream.&amp;init&amp;(FileInputStream.java:106)
	at org.accada.epcis.captureclient.CaptureInterfaceClient.init(CaptureInterfaceClient.java:59)
	... 23 more
</error>
  </testcase>
  <testcase time="2.264" name="testSE44">
    <error type="AxisFault
 faultCode" message="; nested exception is: 
	java.net.ConnectException: Connection refused: connect">AxisFault
 faultCode: {http://schemas.xmlsoap.org/soap/envelope/}Server.userException
 faultSubcode: 
 faultString: java.net.ConnectException: Connection refused: connect
 faultActor: 
 faultNode: 
 faultDetail: 
	{http://xml.apache.org/axis/}stackTrace:java.net.ConnectException: Connection refused: connect
	at java.net.PlainSocketImpl.socketConnect(Native Method)
	at java.net.PlainSocketImpl.doConnect(PlainSocketImpl.java:333)
	at java.net.PlainSocketImpl.connectToAddress(PlainSocketImpl.java:195)
	at java.net.PlainSocketImpl.connect(PlainSocketImpl.java:182)
	at java.net.SocksSocketImpl.connect(SocksSocketImpl.java:364)
	at java.net.Socket.connect(Socket.java:507)
	at sun.reflect.NativeMethodAccessorImpl.invoke0(Native Method)
	at sun.reflect.NativeMethodAccessorImpl.invoke(NativeMethodAccessorImpl.java:39)
	at sun.reflect.DelegatingMethodAccessorImpl.invoke(DelegatingMethodAccessorImpl.java:25)
	at java.lang.reflect.Method.invoke(Method.java:585)
	at org.apache.axis.components.net.DefaultSocketFactory.create(DefaultSocketFactory.java:153)
	at org.apache.axis.components.net.DefaultSocketFactory.create(DefaultSocketFactory.java:120)
	at org.apache.axis.transport.http.HTTPSender.getSocket(HTTPSender.java:191)
	at org.apache.axis.transport.http.HTTPSender.writeToSocket(HTTPSender.java:404)
	at org.apache.axis.transport.http.HTTPSender.invoke(HTTPSender.java:138)
	at org.apache.axis.strategies.InvocationStrategy.visit(InvocationStrategy.java:32)
	at org.apache.axis.SimpleChain.doVisiting(SimpleChain.java:118)
	at org.apache.axis.SimpleChain.invoke(SimpleChain.java:83)
	at org.apache.axis.client.AxisClient.invoke(AxisClient.java:165)
	at org.apache.axis.client.Call.invokeEngine(Call.java:2784)
	at org.apache.axis.client.Call.invoke(Call.java:2767)
	at org.apache.axis.client.Call.invoke(Call.java:2443)
	at org.apache.axis.client.Call.invoke(Call.java:2366)
	at org.apache.axis.client.Call.invoke(Call.java:1812)
	at org.accada.epcis.soapapi.EPCISServiceBindingStub.subscribe(EPCISServiceBindingStub.java:1171)
	at org.accada.epcis.queryclient.QueryClientSoapImpl.subscribeQuery(QueryClientSoapImpl.java:864)
	at org.accada.epcis.repository.test.SubscriptionTest.testSE44(SubscriptionTest.java:58)
	at sun.reflect.NativeMethodAccessorImpl.invoke0(Native Method)
	at sun.reflect.NativeMethodAccessorImpl.invoke(NativeMethodAccessorImpl.java:39)
	at sun.reflect.DelegatingMethodAccessorImpl.invoke(DelegatingMethodAccessorImpl.java:25)
	at java.lang.reflect.Method.invoke(Method.java:585)
	at junit.framework.TestCase.runTest(TestCase.java:154)
	at junit.framework.TestCase.runBare(TestCase.java:127)
	at junit.framework.TestResult$1.protect(TestResult.java:106)
	at junit.framework.TestResult.runProtected(TestResult.java:124)
	at junit.framework.TestResult.run(TestResult.java:109)
	at junit.framework.TestCase.run(TestCase.java:118)
	at junit.framework.TestSuite.runTest(TestSuite.java:208)
	at junit.framework.TestSuite.run(TestSuite.java:203)
	at sun.reflect.NativeMethodAccessorImpl.invoke0(Native Method)
	at sun.reflect.NativeMethodAccessorImpl.invoke(NativeMethodAccessorImpl.java:39)
	at sun.reflect.DelegatingMethodAccessorImpl.invoke(DelegatingMethodAccessorImpl.java:25)
	at java.lang.reflect.Method.invoke(Method.java:585)
	at org.apache.maven.surefire.junit.JUnitTestSet.execute(JUnitTestSet.java:210)
	at org.apache.maven.surefire.suite.AbstractDirectoryTestSuite.executeTestSet(AbstractDirectoryTestSuite.java:135)
	at org.apache.maven.surefire.suite.AbstractDirectoryTestSuite.execute(AbstractDirectoryTestSuite.java:122)
	at org.apache.maven.surefire.Surefire.run(Surefire.java:129)
	at sun.reflect.NativeMethodAccessorImpl.invoke0(Native Method)
	at sun.reflect.NativeMethodAccessorImpl.invoke(NativeMethodAccessorImpl.java:39)
	at sun.reflect.DelegatingMethodAccessorImpl.invoke(DelegatingMethodAccessorImpl.java:25)
	at java.lang.reflect.Method.invoke(Method.java:585)
	at org.apache.maven.surefire.booter.SurefireBooter.runSuitesInProcess(SurefireBooter.java:225)
	at org.apache.maven.surefire.booter.SurefireBooter.main(SurefireBooter.java:747)

	{http://xml.apache.org/axis/}hostname:Alea

java.net.ConnectException: Connection refused: connect
	at org.apache.axis.AxisFault.makeFault(AxisFault.java:101)
	at org.apache.axis.transport.http.HTTPSender.invoke(HTTPSender.java:154)
	at org.apache.axis.strategies.InvocationStrategy.visit(InvocationStrategy.java:32)
	at org.apache.axis.SimpleChain.doVisiting(SimpleChain.java:118)
	at org.apache.axis.SimpleChain.invoke(SimpleChain.java:83)
	at org.apache.axis.client.AxisClient.invoke(AxisClient.java:165)
	at org.apache.axis.client.Call.invokeEngine(Call.java:2784)
	at org.apache.axis.client.Call.invoke(Call.java:2767)
	at org.apache.axis.client.Call.invoke(Call.java:2443)
	at org.apache.axis.client.Call.invoke(Call.java:2366)
	at org.apache.axis.client.Call.invoke(Call.java:1812)
	at org.accada.epcis.soapapi.EPCISServiceBindingStub.subscribe(EPCISServiceBindingStub.java:1171)
	at org.accada.epcis.queryclient.QueryClientSoapImpl.subscribeQuery(QueryClientSoapImpl.java:864)
	at org.accada.epcis.repository.test.SubscriptionTest.testSE44(SubscriptionTest.java:58)
</error>
    <system-out>2007-01-04 12:46:07,510 WARN  org.apache.axis.utils.JavaUtils - Unable to find required classes (javax.activation.DataHandler and javax.mail.internet.MimeMultipart). Attachment support is disabled.
2007-01-04 12:46:07,680 INFO  org.accada.epcis.repository.test.ErrorMessagesTest - query taken from src/test/resources/queries/webservice/requests/Test-EPCIS10-SE44-Request-1-Subscribe.xml
</system-out>
  </testcase>
  <testcase time="0.951" name="testSE45">
    <error type="AxisFault
 faultCode" message="; nested exception is: 
	java.net.ConnectException: Connection refused: connect">AxisFault
 faultCode: {http://schemas.xmlsoap.org/soap/envelope/}Server.userException
 faultSubcode: 
 faultString: java.net.ConnectException: Connection refused: connect
 faultActor: 
 faultNode: 
 faultDetail: 
	{http://xml.apache.org/axis/}stackTrace:java.net.ConnectException: Connection refused: connect
	at java.net.PlainSocketImpl.socketConnect(Native Method)
	at java.net.PlainSocketImpl.doConnect(PlainSocketImpl.java:333)
	at java.net.PlainSocketImpl.connectToAddress(PlainSocketImpl.java:195)
	at java.net.PlainSocketImpl.connect(PlainSocketImpl.java:182)
	at java.net.SocksSocketImpl.connect(SocksSocketImpl.java:364)
	at java.net.Socket.connect(Socket.java:507)
	at sun.reflect.NativeMethodAccessorImpl.invoke0(Native Method)
	at sun.reflect.NativeMethodAccessorImpl.invoke(NativeMethodAccessorImpl.java:39)
	at sun.reflect.DelegatingMethodAccessorImpl.invoke(DelegatingMethodAccessorImpl.java:25)
	at java.lang.reflect.Method.invoke(Method.java:585)
	at org.apache.axis.components.net.DefaultSocketFactory.create(DefaultSocketFactory.java:153)
	at org.apache.axis.components.net.DefaultSocketFactory.create(DefaultSocketFactory.java:120)
	at org.apache.axis.transport.http.HTTPSender.getSocket(HTTPSender.java:191)
	at org.apache.axis.transport.http.HTTPSender.writeToSocket(HTTPSender.java:404)
	at org.apache.axis.transport.http.HTTPSender.invoke(HTTPSender.java:138)
	at org.apache.axis.strategies.InvocationStrategy.visit(InvocationStrategy.java:32)
	at org.apache.axis.SimpleChain.doVisiting(SimpleChain.java:118)
	at org.apache.axis.SimpleChain.invoke(SimpleChain.java:83)
	at org.apache.axis.client.AxisClient.invoke(AxisClient.java:165)
	at org.apache.axis.client.Call.invokeEngine(Call.java:2784)
	at org.apache.axis.client.Call.invoke(Call.java:2767)
	at org.apache.axis.client.Call.invoke(Call.java:2443)
	at org.apache.axis.client.Call.invoke(Call.java:2366)
	at org.apache.axis.client.Call.invoke(Call.java:1812)
	at org.accada.epcis.soapapi.EPCISServiceBindingStub.getQueryNames(EPCISServiceBindingStub.java:1125)
	at org.accada.epcis.queryclient.QueryClientBase.queryNames(QueryClientBase.java:77)
	at org.accada.epcis.repository.test.ErrorMessagesTest.testSE45(ErrorMessagesTest.java:86)
	at sun.reflect.NativeMethodAccessorImpl.invoke0(Native Method)
	at sun.reflect.NativeMethodAccessorImpl.invoke(NativeMethodAccessorImpl.java:39)
	at sun.reflect.DelegatingMethodAccessorImpl.invoke(DelegatingMethodAccessorImpl.java:25)
	at java.lang.reflect.Method.invoke(Method.java:585)
	at junit.framework.TestCase.runTest(TestCase.java:154)
	at junit.framework.TestCase.runBare(TestCase.java:127)
	at junit.framework.TestResult$1.protect(TestResult.java:106)
	at junit.framework.TestResult.runProtected(TestResult.java:124)
	at junit.framework.TestResult.run(TestResult.java:109)
	at junit.framework.TestCase.run(TestCase.java:118)
	at junit.framework.TestSuite.runTest(TestSuite.java:208)
	at junit.framework.TestSuite.run(TestSuite.java:203)
	at sun.reflect.NativeMethodAccessorImpl.invoke0(Native Method)
	at sun.reflect.NativeMethodAccessorImpl.invoke(NativeMethodAccessorImpl.java:39)
	at sun.reflect.DelegatingMethodAccessorImpl.invoke(DelegatingMethodAccessorImpl.java:25)
	at java.lang.reflect.Method.invoke(Method.java:585)
	at org.apache.maven.surefire.junit.JUnitTestSet.execute(JUnitTestSet.java:210)
	at org.apache.maven.surefire.suite.AbstractDirectoryTestSuite.executeTestSet(AbstractDirectoryTestSuite.java:135)
	at org.apache.maven.surefire.suite.AbstractDirectoryTestSuite.execute(AbstractDirectoryTestSuite.java:122)
	at org.apache.maven.surefire.Surefire.run(Surefire.java:129)
	at sun.reflect.NativeMethodAccessorImpl.invoke0(Native Method)
	at sun.reflect.NativeMethodAccessorImpl.invoke(NativeMethodAccessorImpl.java:39)
	at sun.reflect.DelegatingMethodAccessorImpl.invoke(DelegatingMethodAccessorImpl.java:25)
	at java.lang.reflect.Method.invoke(Method.java:585)
	at org.apache.maven.surefire.booter.SurefireBooter.runSuitesInProcess(SurefireBooter.java:225)
	at org.apache.maven.surefire.booter.SurefireBooter.main(SurefireBooter.java:747)

	{http://xml.apache.org/axis/}hostname:Alea

java.net.ConnectException: Connection refused: connect
	at org.apache.axis.AxisFault.makeFault(AxisFault.java:101)
	at org.apache.axis.transport.http.HTTPSender.invoke(HTTPSender.java:154)
	at org.apache.axis.strategies.InvocationStrategy.visit(InvocationStrategy.java:32)
	at org.apache.axis.SimpleChain.doVisiting(SimpleChain.java:118)
	at org.apache.axis.SimpleChain.invoke(SimpleChain.java:83)
	at org.apache.axis.client.AxisClient.invoke(AxisClient.java:165)
	at org.apache.axis.client.Call.invokeEngine(Call.java:2784)
	at org.apache.axis.client.Call.invoke(Call.java:2767)
	at org.apache.axis.client.Call.invoke(Call.java:2443)
	at org.apache.axis.client.Call.invoke(Call.java:2366)
	at org.apache.axis.client.Call.invoke(Call.java:1812)
	at org.accada.epcis.soapapi.EPCISServiceBindingStub.getQueryNames(EPCISServiceBindingStub.java:1125)
	at org.accada.epcis.queryclient.QueryClientBase.queryNames(QueryClientBase.java:77)
	at org.accada.epcis.repository.test.ErrorMessagesTest.testSE45(ErrorMessagesTest.java:86)
</error>
  </testcase>
  <testcase time="0.992" name="testSE47">
    <error type="AxisFault
 faultCode" message="; nested exception is: 
	java.net.ConnectException: Connection refused: connect">AxisFault
 faultCode: {http://schemas.xmlsoap.org/soap/envelope/}Server.userException
 faultSubcode: 
 faultString: java.net.ConnectException: Connection refused: connect
 faultActor: 
 faultNode: 
 faultDetail: 
	{http://xml.apache.org/axis/}stackTrace:java.net.ConnectException: Connection refused: connect
	at java.net.PlainSocketImpl.socketConnect(Native Method)
	at java.net.PlainSocketImpl.doConnect(PlainSocketImpl.java:333)
	at java.net.PlainSocketImpl.connectToAddress(PlainSocketImpl.java:195)
	at java.net.PlainSocketImpl.connect(PlainSocketImpl.java:182)
	at java.net.SocksSocketImpl.connect(SocksSocketImpl.java:364)
	at java.net.Socket.connect(Socket.java:507)
	at sun.reflect.NativeMethodAccessorImpl.invoke0(Native Method)
	at sun.reflect.NativeMethodAccessorImpl.invoke(NativeMethodAccessorImpl.java:39)
	at sun.reflect.DelegatingMethodAccessorImpl.invoke(DelegatingMethodAccessorImpl.java:25)
	at java.lang.reflect.Method.invoke(Method.java:585)
	at org.apache.axis.components.net.DefaultSocketFactory.create(DefaultSocketFactory.java:153)
	at org.apache.axis.components.net.DefaultSocketFactory.create(DefaultSocketFactory.java:120)
	at org.apache.axis.transport.http.HTTPSender.getSocket(HTTPSender.java:191)
	at org.apache.axis.transport.http.HTTPSender.writeToSocket(HTTPSender.java:404)
	at org.apache.axis.transport.http.HTTPSender.invoke(HTTPSender.java:138)
	at org.apache.axis.strategies.InvocationStrategy.visit(InvocationStrategy.java:32)
	at org.apache.axis.SimpleChain.doVisiting(SimpleChain.java:118)
	at org.apache.axis.SimpleChain.invoke(SimpleChain.java:83)
	at org.apache.axis.client.AxisClient.invoke(AxisClient.java:165)
	at org.apache.axis.client.Call.invokeEngine(Call.java:2784)
	at org.apache.axis.client.Call.invoke(Call.java:2767)
	at org.apache.axis.client.Call.invoke(Call.java:2443)
	at org.apache.axis.client.Call.invoke(Call.java:2366)
	at org.apache.axis.client.Call.invoke(Call.java:1812)
	at org.accada.epcis.soapapi.EPCISServiceBindingStub.getStandardVersion(EPCISServiceBindingStub.java:1394)
	at org.accada.epcis.queryclient.QueryClientBase.queryStandardVersion(QueryClientBase.java:92)
	at org.accada.epcis.repository.test.ErrorMessagesTest.testSE47(ErrorMessagesTest.java:97)
	at sun.reflect.NativeMethodAccessorImpl.invoke0(Native Method)
	at sun.reflect.NativeMethodAccessorImpl.invoke(NativeMethodAccessorImpl.java:39)
	at sun.reflect.DelegatingMethodAccessorImpl.invoke(DelegatingMethodAccessorImpl.java:25)
	at java.lang.reflect.Method.invoke(Method.java:585)
	at junit.framework.TestCase.runTest(TestCase.java:154)
	at junit.framework.TestCase.runBare(TestCase.java:127)
	at junit.framework.TestResult$1.protect(TestResult.java:106)
	at junit.framework.TestResult.runProtected(TestResult.java:124)
	at junit.framework.TestResult.run(TestResult.java:109)
	at junit.framework.TestCase.run(TestCase.java:118)
	at junit.framework.TestSuite.runTest(TestSuite.java:208)
	at junit.framework.TestSuite.run(TestSuite.java:203)
	at sun.reflect.NativeMethodAccessorImpl.invoke0(Native Method)
	at sun.reflect.NativeMethodAccessorImpl.invoke(NativeMethodAccessorImpl.java:39)
	at sun.reflect.DelegatingMethodAccessorImpl.invoke(DelegatingMethodAccessorImpl.java:25)
	at java.lang.reflect.Method.invoke(Method.java:585)
	at org.apache.maven.surefire.junit.JUnitTestSet.execute(JUnitTestSet.java:210)
	at org.apache.maven.surefire.suite.AbstractDirectoryTestSuite.executeTestSet(AbstractDirectoryTestSuite.java:135)
	at org.apache.maven.surefire.suite.AbstractDirectoryTestSuite.execute(AbstractDirectoryTestSuite.java:122)
	at org.apache.maven.surefire.Surefire.run(Surefire.java:129)
	at sun.reflect.NativeMethodAccessorImpl.invoke0(Native Method)
	at sun.reflect.NativeMethodAccessorImpl.invoke(NativeMethodAccessorImpl.java:39)
	at sun.reflect.DelegatingMethodAccessorImpl.invoke(DelegatingMethodAccessorImpl.java:25)
	at java.lang.reflect.Method.invoke(Method.java:585)
	at org.apache.maven.surefire.booter.SurefireBooter.runSuitesInProcess(SurefireBooter.java:225)
	at org.apache.maven.surefire.booter.SurefireBooter.main(SurefireBooter.java:747)

	{http://xml.apache.org/axis/}hostname:Alea

java.net.ConnectException: Connection refused: connect
	at org.apache.axis.AxisFault.makeFault(AxisFault.java:101)
	at org.apache.axis.transport.http.HTTPSender.invoke(HTTPSender.java:154)
	at org.apache.axis.strategies.InvocationStrategy.visit(InvocationStrategy.java:32)
	at org.apache.axis.SimpleChain.doVisiting(SimpleChain.java:118)
	at org.apache.axis.SimpleChain.invoke(SimpleChain.java:83)
	at org.apache.axis.client.AxisClient.invoke(AxisClient.java:165)
	at org.apache.axis.client.Call.invokeEngine(Call.java:2784)
	at org.apache.axis.client.Call.invoke(Call.java:2767)
	at org.apache.axis.client.Call.invoke(Call.java:2443)
	at org.apache.axis.client.Call.invoke(Call.java:2366)
	at org.apache.axis.client.Call.invoke(Call.java:1812)
	at org.accada.epcis.soapapi.EPCISServiceBindingStub.getStandardVersion(EPCISServiceBindingStub.java:1394)
	at org.accada.epcis.queryclient.QueryClientBase.queryStandardVersion(QueryClientBase.java:92)
	at org.accada.epcis.repository.test.ErrorMessagesTest.testSE47(ErrorMessagesTest.java:97)
</error>
  </testcase>
  <testcase time="1.091" name="testSE49">
    <error type="AxisFault
 faultCode" message="; nested exception is: 
	java.net.ConnectException: Connection refused: connect">AxisFault
 faultCode: {http://schemas.xmlsoap.org/soap/envelope/}Server.userException
 faultSubcode: 
 faultString: java.net.ConnectException: Connection refused: connect
 faultActor: 
 faultNode: 
 faultDetail: 
	{http://xml.apache.org/axis/}stackTrace:java.net.ConnectException: Connection refused: connect
	at java.net.PlainSocketImpl.socketConnect(Native Method)
	at java.net.PlainSocketImpl.doConnect(PlainSocketImpl.java:333)
	at java.net.PlainSocketImpl.connectToAddress(PlainSocketImpl.java:195)
	at java.net.PlainSocketImpl.connect(PlainSocketImpl.java:182)
	at java.net.SocksSocketImpl.connect(SocksSocketImpl.java:364)
	at java.net.Socket.connect(Socket.java:507)
	at sun.reflect.NativeMethodAccessorImpl.invoke0(Native Method)
	at sun.reflect.NativeMethodAccessorImpl.invoke(NativeMethodAccessorImpl.java:39)
	at sun.reflect.DelegatingMethodAccessorImpl.invoke(DelegatingMethodAccessorImpl.java:25)
	at java.lang.reflect.Method.invoke(Method.java:585)
	at org.apache.axis.components.net.DefaultSocketFactory.create(DefaultSocketFactory.java:153)
	at org.apache.axis.components.net.DefaultSocketFactory.create(DefaultSocketFactory.java:120)
	at org.apache.axis.transport.http.HTTPSender.getSocket(HTTPSender.java:191)
	at org.apache.axis.transport.http.HTTPSender.writeToSocket(HTTPSender.java:404)
	at org.apache.axis.transport.http.HTTPSender.invoke(HTTPSender.java:138)
	at org.apache.axis.strategies.InvocationStrategy.visit(InvocationStrategy.java:32)
	at org.apache.axis.SimpleChain.doVisiting(SimpleChain.java:118)
	at org.apache.axis.SimpleChain.invoke(SimpleChain.java:83)
	at org.apache.axis.client.AxisClient.invoke(AxisClient.java:165)
	at org.apache.axis.client.Call.invokeEngine(Call.java:2784)
	at org.apache.axis.client.Call.invoke(Call.java:2767)
	at org.apache.axis.client.Call.invoke(Call.java:2443)
	at org.apache.axis.client.Call.invoke(Call.java:2366)
	at org.apache.axis.client.Call.invoke(Call.java:1812)
	at org.accada.epcis.soapapi.EPCISServiceBindingStub.poll(EPCISServiceBindingStub.java:1336)
	at org.accada.epcis.queryclient.QueryClientSoapImpl.runQuery(QueryClientSoapImpl.java:210)
	at org.accada.epcis.queryclient.QueryClientSoapImpl.runQuery(QueryClientSoapImpl.java:75)
	at org.accada.epcis.repository.test.ErrorMessagesTest.testSE49(ErrorMessagesTest.java:112)
	at sun.reflect.NativeMethodAccessorImpl.invoke0(Native Method)
	at sun.reflect.NativeMethodAccessorImpl.invoke(NativeMethodAccessorImpl.java:39)
	at sun.reflect.DelegatingMethodAccessorImpl.invoke(DelegatingMethodAccessorImpl.java:25)
	at java.lang.reflect.Method.invoke(Method.java:585)
	at junit.framework.TestCase.runTest(TestCase.java:154)
	at junit.framework.TestCase.runBare(TestCase.java:127)
	at junit.framework.TestResult$1.protect(TestResult.java:106)
	at junit.framework.TestResult.runProtected(TestResult.java:124)
	at junit.framework.TestResult.run(TestResult.java:109)
	at junit.framework.TestCase.run(TestCase.java:118)
	at junit.framework.TestSuite.runTest(TestSuite.java:208)
	at junit.framework.TestSuite.run(TestSuite.java:203)
	at sun.reflect.NativeMethodAccessorImpl.invoke0(Native Method)
	at sun.reflect.NativeMethodAccessorImpl.invoke(NativeMethodAccessorImpl.java:39)
	at sun.reflect.DelegatingMethodAccessorImpl.invoke(DelegatingMethodAccessorImpl.java:25)
	at java.lang.reflect.Method.invoke(Method.java:585)
	at org.apache.maven.surefire.junit.JUnitTestSet.execute(JUnitTestSet.java:210)
	at org.apache.maven.surefire.suite.AbstractDirectoryTestSuite.executeTestSet(AbstractDirectoryTestSuite.java:135)
	at org.apache.maven.surefire.suite.AbstractDirectoryTestSuite.execute(AbstractDirectoryTestSuite.java:122)
	at org.apache.maven.surefire.Surefire.run(Surefire.java:129)
	at sun.reflect.NativeMethodAccessorImpl.invoke0(Native Method)
	at sun.reflect.NativeMethodAccessorImpl.invoke(NativeMethodAccessorImpl.java:39)
	at sun.reflect.DelegatingMethodAccessorImpl.invoke(DelegatingMethodAccessorImpl.java:25)
	at java.lang.reflect.Method.invoke(Method.java:585)
	at org.apache.maven.surefire.booter.SurefireBooter.runSuitesInProcess(SurefireBooter.java:225)
	at org.apache.maven.surefire.booter.SurefireBooter.main(SurefireBooter.java:747)

	{http://xml.apache.org/axis/}hostname:Alea

java.net.ConnectException: Connection refused: connect
	at org.apache.axis.AxisFault.makeFault(AxisFault.java:101)
	at org.apache.axis.transport.http.HTTPSender.invoke(HTTPSender.java:154)
	at org.apache.axis.strategies.InvocationStrategy.visit(InvocationStrategy.java:32)
	at org.apache.axis.SimpleChain.doVisiting(SimpleChain.java:118)
	at org.apache.axis.SimpleChain.invoke(SimpleChain.java:83)
	at org.apache.axis.client.AxisClient.invoke(AxisClient.java:165)
	at org.apache.axis.client.Call.invokeEngine(Call.java:2784)
	at org.apache.axis.client.Call.invoke(Call.java:2767)
	at org.apache.axis.client.Call.invoke(Call.java:2443)
	at org.apache.axis.client.Call.invoke(Call.java:2366)
	at org.apache.axis.client.Call.invoke(Call.java:1812)
	at org.accada.epcis.soapapi.EPCISServiceBindingStub.poll(EPCISServiceBindingStub.java:1336)
	at org.accada.epcis.queryclient.QueryClientSoapImpl.runQuery(QueryClientSoapImpl.java:210)
	at org.accada.epcis.queryclient.QueryClientSoapImpl.runQuery(QueryClientSoapImpl.java:75)
	at org.accada.epcis.repository.test.ErrorMessagesTest.testSE49(ErrorMessagesTest.java:112)
</error>
    <system-out>2007-01-04 12:46:11,426 INFO  org.accada.epcis.repository.test.ErrorMessagesTest - query taken from src/test/resources/queries/webservice/requests/Test-EPCIS10-SE16-Request-1-poll.xml
</system-out>
  </testcase>
  <testcase time="1.002" name="testSE50">
    <error type="AxisFault
 faultCode" message="; nested exception is: 
	java.net.ConnectException: Connection refused: connect">AxisFault
 faultCode: {http://schemas.xmlsoap.org/soap/envelope/}Server.userException
 faultSubcode: 
 faultString: java.net.ConnectException: Connection refused: connect
 faultActor: 
 faultNode: 
 faultDetail: 
	{http://xml.apache.org/axis/}stackTrace:java.net.ConnectException: Connection refused: connect
	at java.net.PlainSocketImpl.socketConnect(Native Method)
	at java.net.PlainSocketImpl.doConnect(PlainSocketImpl.java:333)
	at java.net.PlainSocketImpl.connectToAddress(PlainSocketImpl.java:195)
	at java.net.PlainSocketImpl.connect(PlainSocketImpl.java:182)
	at java.net.SocksSocketImpl.connect(SocksSocketImpl.java:364)
	at java.net.Socket.connect(Socket.java:507)
	at sun.reflect.NativeMethodAccessorImpl.invoke0(Native Method)
	at sun.reflect.NativeMethodAccessorImpl.invoke(NativeMethodAccessorImpl.java:39)
	at sun.reflect.DelegatingMethodAccessorImpl.invoke(DelegatingMethodAccessorImpl.java:25)
	at java.lang.reflect.Method.invoke(Method.java:585)
	at org.apache.axis.components.net.DefaultSocketFactory.create(DefaultSocketFactory.java:153)
	at org.apache.axis.components.net.DefaultSocketFactory.create(DefaultSocketFactory.java:120)
	at org.apache.axis.transport.http.HTTPSender.getSocket(HTTPSender.java:191)
	at org.apache.axis.transport.http.HTTPSender.writeToSocket(HTTPSender.java:404)
	at org.apache.axis.transport.http.HTTPSender.invoke(HTTPSender.java:138)
	at org.apache.axis.strategies.InvocationStrategy.visit(InvocationStrategy.java:32)
	at org.apache.axis.SimpleChain.doVisiting(SimpleChain.java:118)
	at org.apache.axis.SimpleChain.invoke(SimpleChain.java:83)
	at org.apache.axis.client.AxisClient.invoke(AxisClient.java:165)
	at org.apache.axis.client.Call.invokeEngine(Call.java:2784)
	at org.apache.axis.client.Call.invoke(Call.java:2767)
	at org.apache.axis.client.Call.invoke(Call.java:2443)
	at org.apache.axis.client.Call.invoke(Call.java:2366)
	at org.apache.axis.client.Call.invoke(Call.java:1812)
	at org.accada.epcis.soapapi.EPCISServiceBindingStub.poll(EPCISServiceBindingStub.java:1336)
	at org.accada.epcis.queryclient.QueryClientSoapImpl.runQuery(QueryClientSoapImpl.java:210)
	at org.accada.epcis.queryclient.QueryClientSoapImpl.runQuery(QueryClientSoapImpl.java:75)
	at org.accada.epcis.repository.test.ErrorMessagesTest.testSE50(ErrorMessagesTest.java:129)
	at sun.reflect.NativeMethodAccessorImpl.invoke0(Native Method)
	at sun.reflect.NativeMethodAccessorImpl.invoke(NativeMethodAccessorImpl.java:39)
	at sun.reflect.DelegatingMethodAccessorImpl.invoke(DelegatingMethodAccessorImpl.java:25)
	at java.lang.reflect.Method.invoke(Method.java:585)
	at junit.framework.TestCase.runTest(TestCase.java:154)
	at junit.framework.TestCase.runBare(TestCase.java:127)
	at junit.framework.TestResult$1.protect(TestResult.java:106)
	at junit.framework.TestResult.runProtected(TestResult.java:124)
	at junit.framework.TestResult.run(TestResult.java:109)
	at junit.framework.TestCase.run(TestCase.java:118)
	at junit.framework.TestSuite.runTest(TestSuite.java:208)
	at junit.framework.TestSuite.run(TestSuite.java:203)
	at sun.reflect.NativeMethodAccessorImpl.invoke0(Native Method)
	at sun.reflect.NativeMethodAccessorImpl.invoke(NativeMethodAccessorImpl.java:39)
	at sun.reflect.DelegatingMethodAccessorImpl.invoke(DelegatingMethodAccessorImpl.java:25)
	at java.lang.reflect.Method.invoke(Method.java:585)
	at org.apache.maven.surefire.junit.JUnitTestSet.execute(JUnitTestSet.java:210)
	at org.apache.maven.surefire.suite.AbstractDirectoryTestSuite.executeTestSet(AbstractDirectoryTestSuite.java:135)
	at org.apache.maven.surefire.suite.AbstractDirectoryTestSuite.execute(AbstractDirectoryTestSuite.java:122)
	at org.apache.maven.surefire.Surefire.run(Surefire.java:129)
	at sun.reflect.NativeMethodAccessorImpl.invoke0(Native Method)
	at sun.reflect.NativeMethodAccessorImpl.invoke(NativeMethodAccessorImpl.java:39)
	at sun.reflect.DelegatingMethodAccessorImpl.invoke(DelegatingMethodAccessorImpl.java:25)
	at java.lang.reflect.Method.invoke(Method.java:585)
	at org.apache.maven.surefire.booter.SurefireBooter.runSuitesInProcess(SurefireBooter.java:225)
	at org.apache.maven.surefire.booter.SurefireBooter.main(SurefireBooter.java:747)

	{http://xml.apache.org/axis/}hostname:Alea

java.net.ConnectException: Connection refused: connect
	at org.apache.axis.AxisFault.makeFault(AxisFault.java:101)
	at org.apache.axis.transport.http.HTTPSender.invoke(HTTPSender.java:154)
	at org.apache.axis.strategies.InvocationStrategy.visit(InvocationStrategy.java:32)
	at org.apache.axis.SimpleChain.doVisiting(SimpleChain.java:118)
	at org.apache.axis.SimpleChain.invoke(SimpleChain.java:83)
	at org.apache.axis.client.AxisClient.invoke(AxisClient.java:165)
	at org.apache.axis.client.Call.invokeEngine(Call.java:2784)
	at org.apache.axis.client.Call.invoke(Call.java:2767)
	at org.apache.axis.client.Call.invoke(Call.java:2443)
	at org.apache.axis.client.Call.invoke(Call.java:2366)
	at org.apache.axis.client.Call.invoke(Call.java:1812)
	at org.accada.epcis.soapapi.EPCISServiceBindingStub.poll(EPCISServiceBindingStub.java:1336)
	at org.accada.epcis.queryclient.QueryClientSoapImpl.runQuery(QueryClientSoapImpl.java:210)
	at org.accada.epcis.queryclient.QueryClientSoapImpl.runQuery(QueryClientSoapImpl.java:75)
	at org.accada.epcis.repository.test.ErrorMessagesTest.testSE50(ErrorMessagesTest.java:129)
</error>
    <system-out>2007-01-04 12:46:12,527 INFO  org.accada.epcis.repository.test.ErrorMessagesTest - query taken from src/test/resources/queries/webservice/requests/Test-EPCIS10-SE50-Request-1-poll.xml
</system-out>
  </testcase>
  <testcase time="0.991" name="testSE51">
    <error type="AxisFault
 faultCode" message="; nested exception is: 
	java.net.ConnectException: Connection refused: connect">AxisFault
 faultCode: {http://schemas.xmlsoap.org/soap/envelope/}Server.userException
 faultSubcode: 
 faultString: java.net.ConnectException: Connection refused: connect
 faultActor: 
 faultNode: 
 faultDetail: 
	{http://xml.apache.org/axis/}stackTrace:java.net.ConnectException: Connection refused: connect
	at java.net.PlainSocketImpl.socketConnect(Native Method)
	at java.net.PlainSocketImpl.doConnect(PlainSocketImpl.java:333)
	at java.net.PlainSocketImpl.connectToAddress(PlainSocketImpl.java:195)
	at java.net.PlainSocketImpl.connect(PlainSocketImpl.java:182)
	at java.net.SocksSocketImpl.connect(SocksSocketImpl.java:364)
	at java.net.Socket.connect(Socket.java:507)
	at sun.reflect.NativeMethodAccessorImpl.invoke0(Native Method)
	at sun.reflect.NativeMethodAccessorImpl.invoke(NativeMethodAccessorImpl.java:39)
	at sun.reflect.DelegatingMethodAccessorImpl.invoke(DelegatingMethodAccessorImpl.java:25)
	at java.lang.reflect.Method.invoke(Method.java:585)
	at org.apache.axis.components.net.DefaultSocketFactory.create(DefaultSocketFactory.java:153)
	at org.apache.axis.components.net.DefaultSocketFactory.create(DefaultSocketFactory.java:120)
	at org.apache.axis.transport.http.HTTPSender.getSocket(HTTPSender.java:191)
	at org.apache.axis.transport.http.HTTPSender.writeToSocket(HTTPSender.java:404)
	at org.apache.axis.transport.http.HTTPSender.invoke(HTTPSender.java:138)
	at org.apache.axis.strategies.InvocationStrategy.visit(InvocationStrategy.java:32)
	at org.apache.axis.SimpleChain.doVisiting(SimpleChain.java:118)
	at org.apache.axis.SimpleChain.invoke(SimpleChain.java:83)
	at org.apache.axis.client.AxisClient.invoke(AxisClient.java:165)
	at org.apache.axis.client.Call.invokeEngine(Call.java:2784)
	at org.apache.axis.client.Call.invoke(Call.java:2767)
	at org.apache.axis.client.Call.invoke(Call.java:2443)
	at org.apache.axis.client.Call.invoke(Call.java:2366)
	at org.apache.axis.client.Call.invoke(Call.java:1812)
	at org.accada.epcis.soapapi.EPCISServiceBindingStub.poll(EPCISServiceBindingStub.java:1336)
	at org.accada.epcis.queryclient.QueryClientSoapImpl.runQuery(QueryClientSoapImpl.java:210)
	at org.accada.epcis.queryclient.QueryClientSoapImpl.runQuery(QueryClientSoapImpl.java:75)
	at org.accada.epcis.repository.test.ErrorMessagesTest.testSE51(ErrorMessagesTest.java:146)
	at sun.reflect.NativeMethodAccessorImpl.invoke0(Native Method)
	at sun.reflect.NativeMethodAccessorImpl.invoke(NativeMethodAccessorImpl.java:39)
	at sun.reflect.DelegatingMethodAccessorImpl.invoke(DelegatingMethodAccessorImpl.java:25)
	at java.lang.reflect.Method.invoke(Method.java:585)
	at junit.framework.TestCase.runTest(TestCase.java:154)
	at junit.framework.TestCase.runBare(TestCase.java:127)
	at junit.framework.TestResult$1.protect(TestResult.java:106)
	at junit.framework.TestResult.runProtected(TestResult.java:124)
	at junit.framework.TestResult.run(TestResult.java:109)
	at junit.framework.TestCase.run(TestCase.java:118)
	at junit.framework.TestSuite.runTest(TestSuite.java:208)
	at junit.framework.TestSuite.run(TestSuite.java:203)
	at sun.reflect.NativeMethodAccessorImpl.invoke0(Native Method)
	at sun.reflect.NativeMethodAccessorImpl.invoke(NativeMethodAccessorImpl.java:39)
	at sun.reflect.DelegatingMethodAccessorImpl.invoke(DelegatingMethodAccessorImpl.java:25)
	at java.lang.reflect.Method.invoke(Method.java:585)
	at org.apache.maven.surefire.junit.JUnitTestSet.execute(JUnitTestSet.java:210)
	at org.apache.maven.surefire.suite.AbstractDirectoryTestSuite.executeTestSet(AbstractDirectoryTestSuite.java:135)
	at org.apache.maven.surefire.suite.AbstractDirectoryTestSuite.execute(AbstractDirectoryTestSuite.java:122)
	at org.apache.maven.surefire.Surefire.run(Surefire.java:129)
	at sun.reflect.NativeMethodAccessorImpl.invoke0(Native Method)
	at sun.reflect.NativeMethodAccessorImpl.invoke(NativeMethodAccessorImpl.java:39)
	at sun.reflect.DelegatingMethodAccessorImpl.invoke(DelegatingMethodAccessorImpl.java:25)
	at java.lang.reflect.Method.invoke(Method.java:585)
	at org.apache.maven.surefire.booter.SurefireBooter.runSuitesInProcess(SurefireBooter.java:225)
	at org.apache.maven.surefire.booter.SurefireBooter.main(SurefireBooter.java:747)

	{http://xml.apache.org/axis/}hostname:Alea

java.net.ConnectException: Connection refused: connect
	at org.apache.axis.AxisFault.makeFault(AxisFault.java:101)
	at org.apache.axis.transport.http.HTTPSender.invoke(HTTPSender.java:154)
	at org.apache.axis.strategies.InvocationStrategy.visit(InvocationStrategy.java:32)
	at org.apache.axis.SimpleChain.doVisiting(SimpleChain.java:118)
	at org.apache.axis.SimpleChain.invoke(SimpleChain.java:83)
	at org.apache.axis.client.AxisClient.invoke(AxisClient.java:165)
	at org.apache.axis.client.Call.invokeEngine(Call.java:2784)
	at org.apache.axis.client.Call.invoke(Call.java:2767)
	at org.apache.axis.client.Call.invoke(Call.java:2443)
	at org.apache.axis.client.Call.invoke(Call.java:2366)
	at org.apache.axis.client.Call.invoke(Call.java:1812)
	at org.accada.epcis.soapapi.EPCISServiceBindingStub.poll(EPCISServiceBindingStub.java:1336)
	at org.accada.epcis.queryclient.QueryClientSoapImpl.runQuery(QueryClientSoapImpl.java:210)
	at org.accada.epcis.queryclient.QueryClientSoapImpl.runQuery(QueryClientSoapImpl.java:75)
	at org.accada.epcis.repository.test.ErrorMessagesTest.testSE51(ErrorMessagesTest.java:146)
</error>
    <system-out>2007-01-04 12:46:13,529 INFO  org.accada.epcis.repository.test.ErrorMessagesTest - query taken from src/test/resources/queries/webservice/requests/Test-EPCIS10-SE51-Request-1-poll.xml
</system-out>
  </testcase>
  <testcase time="0.992" name="testSE67">
    <error type="AxisFault
 faultCode" message="; nested exception is: 
	java.net.ConnectException: Connection refused: connect">AxisFault
 faultCode: {http://schemas.xmlsoap.org/soap/envelope/}Server.userException
 faultSubcode: 
 faultString: java.net.ConnectException: Connection refused: connect
 faultActor: 
 faultNode: 
 faultDetail: 
	{http://xml.apache.org/axis/}stackTrace:java.net.ConnectException: Connection refused: connect
	at java.net.PlainSocketImpl.socketConnect(Native Method)
	at java.net.PlainSocketImpl.doConnect(PlainSocketImpl.java:333)
	at java.net.PlainSocketImpl.connectToAddress(PlainSocketImpl.java:195)
	at java.net.PlainSocketImpl.connect(PlainSocketImpl.java:182)
	at java.net.SocksSocketImpl.connect(SocksSocketImpl.java:364)
	at java.net.Socket.connect(Socket.java:507)
	at sun.reflect.NativeMethodAccessorImpl.invoke0(Native Method)
	at sun.reflect.NativeMethodAccessorImpl.invoke(NativeMethodAccessorImpl.java:39)
	at sun.reflect.DelegatingMethodAccessorImpl.invoke(DelegatingMethodAccessorImpl.java:25)
	at java.lang.reflect.Method.invoke(Method.java:585)
	at org.apache.axis.components.net.DefaultSocketFactory.create(DefaultSocketFactory.java:153)
	at org.apache.axis.components.net.DefaultSocketFactory.create(DefaultSocketFactory.java:120)
	at org.apache.axis.transport.http.HTTPSender.getSocket(HTTPSender.java:191)
	at org.apache.axis.transport.http.HTTPSender.writeToSocket(HTTPSender.java:404)
	at org.apache.axis.transport.http.HTTPSender.invoke(HTTPSender.java:138)
	at org.apache.axis.strategies.InvocationStrategy.visit(InvocationStrategy.java:32)
	at org.apache.axis.SimpleChain.doVisiting(SimpleChain.java:118)
	at org.apache.axis.SimpleChain.invoke(SimpleChain.java:83)
	at org.apache.axis.client.AxisClient.invoke(AxisClient.java:165)
	at org.apache.axis.client.Call.invokeEngine(Call.java:2784)
	at org.apache.axis.client.Call.invoke(Call.java:2767)
	at org.apache.axis.client.Call.invoke(Call.java:2443)
	at org.apache.axis.client.Call.invoke(Call.java:2366)
	at org.apache.axis.client.Call.invoke(Call.java:1812)
	at org.accada.epcis.soapapi.EPCISServiceBindingStub.getVendorVersion(EPCISServiceBindingStub.java:1440)
	at org.accada.epcis.queryclient.QueryClientBase.queryVendorVersion(QueryClientBase.java:124)
	at org.accada.epcis.repository.test.ErrorMessagesTest.testSE67(ErrorMessagesTest.java:156)
	at sun.reflect.NativeMethodAccessorImpl.invoke0(Native Method)
	at sun.reflect.NativeMethodAccessorImpl.invoke(NativeMethodAccessorImpl.java:39)
	at sun.reflect.DelegatingMethodAccessorImpl.invoke(DelegatingMethodAccessorImpl.java:25)
	at java.lang.reflect.Method.invoke(Method.java:585)
	at junit.framework.TestCase.runTest(TestCase.java:154)
	at junit.framework.TestCase.runBare(TestCase.java:127)
	at junit.framework.TestResult$1.protect(TestResult.java:106)
	at junit.framework.TestResult.runProtected(TestResult.java:124)
	at junit.framework.TestResult.run(TestResult.java:109)
	at junit.framework.TestCase.run(TestCase.java:118)
	at junit.framework.TestSuite.runTest(TestSuite.java:208)
	at junit.framework.TestSuite.run(TestSuite.java:203)
	at sun.reflect.NativeMethodAccessorImpl.invoke0(Native Method)
	at sun.reflect.NativeMethodAccessorImpl.invoke(NativeMethodAccessorImpl.java:39)
	at sun.reflect.DelegatingMethodAccessorImpl.invoke(DelegatingMethodAccessorImpl.java:25)
	at java.lang.reflect.Method.invoke(Method.java:585)
	at org.apache.maven.surefire.junit.JUnitTestSet.execute(JUnitTestSet.java:210)
	at org.apache.maven.surefire.suite.AbstractDirectoryTestSuite.executeTestSet(AbstractDirectoryTestSuite.java:135)
	at org.apache.maven.surefire.suite.AbstractDirectoryTestSuite.execute(AbstractDirectoryTestSuite.java:122)
	at org.apache.maven.surefire.Surefire.run(Surefire.java:129)
	at sun.reflect.NativeMethodAccessorImpl.invoke0(Native Method)
	at sun.reflect.NativeMethodAccessorImpl.invoke(NativeMethodAccessorImpl.java:39)
	at sun.reflect.DelegatingMethodAccessorImpl.invoke(DelegatingMethodAccessorImpl.java:25)
	at java.lang.reflect.Method.invoke(Method.java:585)
	at org.apache.maven.surefire.booter.SurefireBooter.runSuitesInProcess(SurefireBooter.java:225)
	at org.apache.maven.surefire.booter.SurefireBooter.main(SurefireBooter.java:747)

	{http://xml.apache.org/axis/}hostname:Alea

java.net.ConnectException: Connection refused: connect
	at org.apache.axis.AxisFault.makeFault(AxisFault.java:101)
	at org.apache.axis.transport.http.HTTPSender.invoke(HTTPSender.java:154)
	at org.apache.axis.strategies.InvocationStrategy.visit(InvocationStrategy.java:32)
	at org.apache.axis.SimpleChain.doVisiting(SimpleChain.java:118)
	at org.apache.axis.SimpleChain.invoke(SimpleChain.java:83)
	at org.apache.axis.client.AxisClient.invoke(AxisClient.java:165)
	at org.apache.axis.client.Call.invokeEngine(Call.java:2784)
	at org.apache.axis.client.Call.invoke(Call.java:2767)
	at org.apache.axis.client.Call.invoke(Call.java:2443)
	at org.apache.axis.client.Call.invoke(Call.java:2366)
	at org.apache.axis.client.Call.invoke(Call.java:1812)
	at org.accada.epcis.soapapi.EPCISServiceBindingStub.getVendorVersion(EPCISServiceBindingStub.java:1440)
	at org.accada.epcis.queryclient.QueryClientBase.queryVendorVersion(QueryClientBase.java:124)
	at org.accada.epcis.repository.test.ErrorMessagesTest.testSE67(ErrorMessagesTest.java:156)
</error>
  </testcase>
  <testcase time="0.991" name="testSE70">
    <error type="AxisFault
 faultCode" message="; nested exception is: 
	java.net.ConnectException: Connection refused: connect">AxisFault
 faultCode: {http://schemas.xmlsoap.org/soap/envelope/}Server.userException
 faultSubcode: 
 faultString: java.net.ConnectException: Connection refused: connect
 faultActor: 
 faultNode: 
 faultDetail: 
	{http://xml.apache.org/axis/}stackTrace:java.net.ConnectException: Connection refused: connect
	at java.net.PlainSocketImpl.socketConnect(Native Method)
	at java.net.PlainSocketImpl.doConnect(PlainSocketImpl.java:333)
	at java.net.PlainSocketImpl.connectToAddress(PlainSocketImpl.java:195)
	at java.net.PlainSocketImpl.connect(PlainSocketImpl.java:182)
	at java.net.SocksSocketImpl.connect(SocksSocketImpl.java:364)
	at java.net.Socket.connect(Socket.java:507)
	at sun.reflect.NativeMethodAccessorImpl.invoke0(Native Method)
	at sun.reflect.NativeMethodAccessorImpl.invoke(NativeMethodAccessorImpl.java:39)
	at sun.reflect.DelegatingMethodAccessorImpl.invoke(DelegatingMethodAccessorImpl.java:25)
	at java.lang.reflect.Method.invoke(Method.java:585)
	at org.apache.axis.components.net.DefaultSocketFactory.create(DefaultSocketFactory.java:153)
	at org.apache.axis.components.net.DefaultSocketFactory.create(DefaultSocketFactory.java:120)
	at org.apache.axis.transport.http.HTTPSender.getSocket(HTTPSender.java:191)
	at org.apache.axis.transport.http.HTTPSender.writeToSocket(HTTPSender.java:404)
	at org.apache.axis.transport.http.HTTPSender.invoke(HTTPSender.java:138)
	at org.apache.axis.strategies.InvocationStrategy.visit(InvocationStrategy.java:32)
	at org.apache.axis.SimpleChain.doVisiting(SimpleChain.java:118)
	at org.apache.axis.SimpleChain.invoke(SimpleChain.java:83)
	at org.apache.axis.client.AxisClient.invoke(AxisClient.java:165)
	at org.apache.axis.client.Call.invokeEngine(Call.java:2784)
	at org.apache.axis.client.Call.invoke(Call.java:2767)
	at org.apache.axis.client.Call.invoke(Call.java:2443)
	at org.apache.axis.client.Call.invoke(Call.java:2366)
	at org.apache.axis.client.Call.invoke(Call.java:1812)
	at org.accada.epcis.soapapi.EPCISServiceBindingStub.poll(EPCISServiceBindingStub.java:1336)
	at org.accada.epcis.queryclient.QueryClientSoapImpl.runQuery(QueryClientSoapImpl.java:210)
	at org.accada.epcis.queryclient.QueryClientSoapImpl.runQuery(QueryClientSoapImpl.java:75)
	at org.accada.epcis.repository.test.ErrorMessagesTest.testSE70(ErrorMessagesTest.java:167)
	at sun.reflect.NativeMethodAccessorImpl.invoke0(Native Method)
	at sun.reflect.NativeMethodAccessorImpl.invoke(NativeMethodAccessorImpl.java:39)
	at sun.reflect.DelegatingMethodAccessorImpl.invoke(DelegatingMethodAccessorImpl.java:25)
	at java.lang.reflect.Method.invoke(Method.java:585)
	at junit.framework.TestCase.runTest(TestCase.java:154)
	at junit.framework.TestCase.runBare(TestCase.java:127)
	at junit.framework.TestResult$1.protect(TestResult.java:106)
	at junit.framework.TestResult.runProtected(TestResult.java:124)
	at junit.framework.TestResult.run(TestResult.java:109)
	at junit.framework.TestCase.run(TestCase.java:118)
	at junit.framework.TestSuite.runTest(TestSuite.java:208)
	at junit.framework.TestSuite.run(TestSuite.java:203)
	at sun.reflect.NativeMethodAccessorImpl.invoke0(Native Method)
	at sun.reflect.NativeMethodAccessorImpl.invoke(NativeMethodAccessorImpl.java:39)
	at sun.reflect.DelegatingMethodAccessorImpl.invoke(DelegatingMethodAccessorImpl.java:25)
	at java.lang.reflect.Method.invoke(Method.java:585)
	at org.apache.maven.surefire.junit.JUnitTestSet.execute(JUnitTestSet.java:210)
	at org.apache.maven.surefire.suite.AbstractDirectoryTestSuite.executeTestSet(AbstractDirectoryTestSuite.java:135)
	at org.apache.maven.surefire.suite.AbstractDirectoryTestSuite.execute(AbstractDirectoryTestSuite.java:122)
	at org.apache.maven.surefire.Surefire.run(Surefire.java:129)
	at sun.reflect.NativeMethodAccessorImpl.invoke0(Native Method)
	at sun.reflect.NativeMethodAccessorImpl.invoke(NativeMethodAccessorImpl.java:39)
	at sun.reflect.DelegatingMethodAccessorImpl.invoke(DelegatingMethodAccessorImpl.java:25)
	at java.lang.reflect.Method.invoke(Method.java:585)
	at org.apache.maven.surefire.booter.SurefireBooter.runSuitesInProcess(SurefireBooter.java:225)
	at org.apache.maven.surefire.booter.SurefireBooter.main(SurefireBooter.java:747)

	{http://xml.apache.org/axis/}hostname:Alea

java.net.ConnectException: Connection refused: connect
	at org.apache.axis.AxisFault.makeFault(AxisFault.java:101)
	at org.apache.axis.transport.http.HTTPSender.invoke(HTTPSender.java:154)
	at org.apache.axis.strategies.InvocationStrategy.visit(InvocationStrategy.java:32)
	at org.apache.axis.SimpleChain.doVisiting(SimpleChain.java:118)
	at org.apache.axis.SimpleChain.invoke(SimpleChain.java:83)
	at org.apache.axis.client.AxisClient.invoke(AxisClient.java:165)
	at org.apache.axis.client.Call.invokeEngine(Call.java:2784)
	at org.apache.axis.client.Call.invoke(Call.java:2767)
	at org.apache.axis.client.Call.invoke(Call.java:2443)
	at org.apache.axis.client.Call.invoke(Call.java:2366)
	at org.apache.axis.client.Call.invoke(Call.java:1812)
	at org.accada.epcis.soapapi.EPCISServiceBindingStub.poll(EPCISServiceBindingStub.java:1336)
	at org.accada.epcis.queryclient.QueryClientSoapImpl.runQuery(QueryClientSoapImpl.java:210)
	at org.accada.epcis.queryclient.QueryClientSoapImpl.runQuery(QueryClientSoapImpl.java:75)
	at org.accada.epcis.repository.test.ErrorMessagesTest.testSE70(ErrorMessagesTest.java:167)
</error>
    <system-out>2007-01-04 12:46:15,532 INFO  org.accada.epcis.repository.test.ErrorMessagesTest - query taken from src/test/resources/queries/webservice/requests/Test-EPCIS10-SE70-Request-1-poll.xml
</system-out>
  </testcase>
  <testcase time="1.092" name="testSE71">
    <error type="AxisFault
 faultCode" message="; nested exception is: 
	java.net.ConnectException: Connection refused: connect">AxisFault
 faultCode: {http://schemas.xmlsoap.org/soap/envelope/}Server.userException
 faultSubcode: 
 faultString: java.net.ConnectException: Connection refused: connect
 faultActor: 
 faultNode: 
 faultDetail: 
	{http://xml.apache.org/axis/}stackTrace:java.net.ConnectException: Connection refused: connect
	at java.net.PlainSocketImpl.socketConnect(Native Method)
	at java.net.PlainSocketImpl.doConnect(PlainSocketImpl.java:333)
	at java.net.PlainSocketImpl.connectToAddress(PlainSocketImpl.java:195)
	at java.net.PlainSocketImpl.connect(PlainSocketImpl.java:182)
	at java.net.SocksSocketImpl.connect(SocksSocketImpl.java:364)
	at java.net.Socket.connect(Socket.java:507)
	at sun.reflect.NativeMethodAccessorImpl.invoke0(Native Method)
	at sun.reflect.NativeMethodAccessorImpl.invoke(NativeMethodAccessorImpl.java:39)
	at sun.reflect.DelegatingMethodAccessorImpl.invoke(DelegatingMethodAccessorImpl.java:25)
	at java.lang.reflect.Method.invoke(Method.java:585)
	at org.apache.axis.components.net.DefaultSocketFactory.create(DefaultSocketFactory.java:153)
	at org.apache.axis.components.net.DefaultSocketFactory.create(DefaultSocketFactory.java:120)
	at org.apache.axis.transport.http.HTTPSender.getSocket(HTTPSender.java:191)
	at org.apache.axis.transport.http.HTTPSender.writeToSocket(HTTPSender.java:404)
	at org.apache.axis.transport.http.HTTPSender.invoke(HTTPSender.java:138)
	at org.apache.axis.strategies.InvocationStrategy.visit(InvocationStrategy.java:32)
	at org.apache.axis.SimpleChain.doVisiting(SimpleChain.java:118)
	at org.apache.axis.SimpleChain.invoke(SimpleChain.java:83)
	at org.apache.axis.client.AxisClient.invoke(AxisClient.java:165)
	at org.apache.axis.client.Call.invokeEngine(Call.java:2784)
	at org.apache.axis.client.Call.invoke(Call.java:2767)
	at org.apache.axis.client.Call.invoke(Call.java:2443)
	at org.apache.axis.client.Call.invoke(Call.java:2366)
	at org.apache.axis.client.Call.invoke(Call.java:1812)
	at org.accada.epcis.soapapi.EPCISServiceBindingStub.poll(EPCISServiceBindingStub.java:1336)
	at org.accada.epcis.queryclient.QueryClientSoapImpl.runQuery(QueryClientSoapImpl.java:210)
	at org.accada.epcis.queryclient.QueryClientSoapImpl.runQuery(QueryClientSoapImpl.java:75)
	at org.accada.epcis.repository.test.ErrorMessagesTest.testSE71(ErrorMessagesTest.java:181)
	at sun.reflect.NativeMethodAccessorImpl.invoke0(Native Method)
	at sun.reflect.NativeMethodAccessorImpl.invoke(NativeMethodAccessorImpl.java:39)
	at sun.reflect.DelegatingMethodAccessorImpl.invoke(DelegatingMethodAccessorImpl.java:25)
	at java.lang.reflect.Method.invoke(Method.java:585)
	at junit.framework.TestCase.runTest(TestCase.java:154)
	at junit.framework.TestCase.runBare(TestCase.java:127)
	at junit.framework.TestResult$1.protect(TestResult.java:106)
	at junit.framework.TestResult.runProtected(TestResult.java:124)
	at junit.framework.TestResult.run(TestResult.java:109)
	at junit.framework.TestCase.run(TestCase.java:118)
	at junit.framework.TestSuite.runTest(TestSuite.java:208)
	at junit.framework.TestSuite.run(TestSuite.java:203)
	at sun.reflect.NativeMethodAccessorImpl.invoke0(Native Method)
	at sun.reflect.NativeMethodAccessorImpl.invoke(NativeMethodAccessorImpl.java:39)
	at sun.reflect.DelegatingMethodAccessorImpl.invoke(DelegatingMethodAccessorImpl.java:25)
	at java.lang.reflect.Method.invoke(Method.java:585)
	at org.apache.maven.surefire.junit.JUnitTestSet.execute(JUnitTestSet.java:210)
	at org.apache.maven.surefire.suite.AbstractDirectoryTestSuite.executeTestSet(AbstractDirectoryTestSuite.java:135)
	at org.apache.maven.surefire.suite.AbstractDirectoryTestSuite.execute(AbstractDirectoryTestSuite.java:122)
	at org.apache.maven.surefire.Surefire.run(Surefire.java:129)
	at sun.reflect.NativeMethodAccessorImpl.invoke0(Native Method)
	at sun.reflect.NativeMethodAccessorImpl.invoke(NativeMethodAccessorImpl.java:39)
	at sun.reflect.DelegatingMethodAccessorImpl.invoke(DelegatingMethodAccessorImpl.java:25)
	at java.lang.reflect.Method.invoke(Method.java:585)
	at org.apache.maven.surefire.booter.SurefireBooter.runSuitesInProcess(SurefireBooter.java:225)
	at org.apache.maven.surefire.booter.SurefireBooter.main(SurefireBooter.java:747)

	{http://xml.apache.org/axis/}hostname:Alea

java.net.ConnectException: Connection refused: connect
	at org.apache.axis.AxisFault.makeFault(AxisFault.java:101)
	at org.apache.axis.transport.http.HTTPSender.invoke(HTTPSender.java:154)
	at org.apache.axis.strategies.InvocationStrategy.visit(InvocationStrategy.java:32)
	at org.apache.axis.SimpleChain.doVisiting(SimpleChain.java:118)
	at org.apache.axis.SimpleChain.invoke(SimpleChain.java:83)
	at org.apache.axis.client.AxisClient.invoke(AxisClient.java:165)
	at org.apache.axis.client.Call.invokeEngine(Call.java:2784)
	at org.apache.axis.client.Call.invoke(Call.java:2767)
	at org.apache.axis.client.Call.invoke(Call.java:2443)
	at org.apache.axis.client.Call.invoke(Call.java:2366)
	at org.apache.axis.client.Call.invoke(Call.java:1812)
	at org.accada.epcis.soapapi.EPCISServiceBindingStub.poll(EPCISServiceBindingStub.java:1336)
	at org.accada.epcis.queryclient.QueryClientSoapImpl.runQuery(QueryClientSoapImpl.java:210)
	at org.accada.epcis.queryclient.QueryClientSoapImpl.runQuery(QueryClientSoapImpl.java:75)
	at org.accada.epcis.repository.test.ErrorMessagesTest.testSE71(ErrorMessagesTest.java:181)
</error>
    <system-out>2007-01-04 12:46:16,543 INFO  org.accada.epcis.repository.test.ErrorMessagesTest - query taken from src/test/resources/queries/webservice/requests/Test-EPCIS10-SE71-Request-1-poll.xml
</system-out>
  </testcase>
  <testcase time="0.991" name="testSE72">
    <error type="AxisFault
 faultCode" message="; nested exception is: 
	java.net.ConnectException: Connection refused: connect">AxisFault
 faultCode: {http://schemas.xmlsoap.org/soap/envelope/}Server.userException
 faultSubcode: 
 faultString: java.net.ConnectException: Connection refused: connect
 faultActor: 
 faultNode: 
 faultDetail: 
	{http://xml.apache.org/axis/}stackTrace:java.net.ConnectException: Connection refused: connect
	at java.net.PlainSocketImpl.socketConnect(Native Method)
	at java.net.PlainSocketImpl.doConnect(PlainSocketImpl.java:333)
	at java.net.PlainSocketImpl.connectToAddress(PlainSocketImpl.java:195)
	at java.net.PlainSocketImpl.connect(PlainSocketImpl.java:182)
	at java.net.SocksSocketImpl.connect(SocksSocketImpl.java:364)
	at java.net.Socket.connect(Socket.java:507)
	at sun.reflect.NativeMethodAccessorImpl.invoke0(Native Method)
	at sun.reflect.NativeMethodAccessorImpl.invoke(NativeMethodAccessorImpl.java:39)
	at sun.reflect.DelegatingMethodAccessorImpl.invoke(DelegatingMethodAccessorImpl.java:25)
	at java.lang.reflect.Method.invoke(Method.java:585)
	at org.apache.axis.components.net.DefaultSocketFactory.create(DefaultSocketFactory.java:153)
	at org.apache.axis.components.net.DefaultSocketFactory.create(DefaultSocketFactory.java:120)
	at org.apache.axis.transport.http.HTTPSender.getSocket(HTTPSender.java:191)
	at org.apache.axis.transport.http.HTTPSender.writeToSocket(HTTPSender.java:404)
	at org.apache.axis.transport.http.HTTPSender.invoke(HTTPSender.java:138)
	at org.apache.axis.strategies.InvocationStrategy.visit(InvocationStrategy.java:32)
	at org.apache.axis.SimpleChain.doVisiting(SimpleChain.java:118)
	at org.apache.axis.SimpleChain.invoke(SimpleChain.java:83)
	at org.apache.axis.client.AxisClient.invoke(AxisClient.java:165)
	at org.apache.axis.client.Call.invokeEngine(Call.java:2784)
	at org.apache.axis.client.Call.invoke(Call.java:2767)
	at org.apache.axis.client.Call.invoke(Call.java:2443)
	at org.apache.axis.client.Call.invoke(Call.java:2366)
	at org.apache.axis.client.Call.invoke(Call.java:1812)
	at org.accada.epcis.soapapi.EPCISServiceBindingStub.poll(EPCISServiceBindingStub.java:1336)
	at org.accada.epcis.queryclient.QueryClientSoapImpl.runQuery(QueryClientSoapImpl.java:210)
	at org.accada.epcis.queryclient.QueryClientSoapImpl.runQuery(QueryClientSoapImpl.java:75)
	at org.accada.epcis.repository.test.ErrorMessagesTest.testSE72(ErrorMessagesTest.java:195)
	at sun.reflect.NativeMethodAccessorImpl.invoke0(Native Method)
	at sun.reflect.NativeMethodAccessorImpl.invoke(NativeMethodAccessorImpl.java:39)
	at sun.reflect.DelegatingMethodAccessorImpl.invoke(DelegatingMethodAccessorImpl.java:25)
	at java.lang.reflect.Method.invoke(Method.java:585)
	at junit.framework.TestCase.runTest(TestCase.java:154)
	at junit.framework.TestCase.runBare(TestCase.java:127)
	at junit.framework.TestResult$1.protect(TestResult.java:106)
	at junit.framework.TestResult.runProtected(TestResult.java:124)
	at junit.framework.TestResult.run(TestResult.java:109)
	at junit.framework.TestCase.run(TestCase.java:118)
	at junit.framework.TestSuite.runTest(TestSuite.java:208)
	at junit.framework.TestSuite.run(TestSuite.java:203)
	at sun.reflect.NativeMethodAccessorImpl.invoke0(Native Method)
	at sun.reflect.NativeMethodAccessorImpl.invoke(NativeMethodAccessorImpl.java:39)
	at sun.reflect.DelegatingMethodAccessorImpl.invoke(DelegatingMethodAccessorImpl.java:25)
	at java.lang.reflect.Method.invoke(Method.java:585)
	at org.apache.maven.surefire.junit.JUnitTestSet.execute(JUnitTestSet.java:210)
	at org.apache.maven.surefire.suite.AbstractDirectoryTestSuite.executeTestSet(AbstractDirectoryTestSuite.java:135)
	at org.apache.maven.surefire.suite.AbstractDirectoryTestSuite.execute(AbstractDirectoryTestSuite.java:122)
	at org.apache.maven.surefire.Surefire.run(Surefire.java:129)
	at sun.reflect.NativeMethodAccessorImpl.invoke0(Native Method)
	at sun.reflect.NativeMethodAccessorImpl.invoke(NativeMethodAccessorImpl.java:39)
	at sun.reflect.DelegatingMethodAccessorImpl.invoke(DelegatingMethodAccessorImpl.java:25)
	at java.lang.reflect.Method.invoke(Method.java:585)
	at org.apache.maven.surefire.booter.SurefireBooter.runSuitesInProcess(SurefireBooter.java:225)
	at org.apache.maven.surefire.booter.SurefireBooter.main(SurefireBooter.java:747)

	{http://xml.apache.org/axis/}hostname:Alea

java.net.ConnectException: Connection refused: connect
	at org.apache.axis.AxisFault.makeFault(AxisFault.java:101)
	at org.apache.axis.transport.http.HTTPSender.invoke(HTTPSender.java:154)
	at org.apache.axis.strategies.InvocationStrategy.visit(InvocationStrategy.java:32)
	at org.apache.axis.SimpleChain.doVisiting(SimpleChain.java:118)
	at org.apache.axis.SimpleChain.invoke(SimpleChain.java:83)
	at org.apache.axis.client.AxisClient.invoke(AxisClient.java:165)
	at org.apache.axis.client.Call.invokeEngine(Call.java:2784)
	at org.apache.axis.client.Call.invoke(Call.java:2767)
	at org.apache.axis.client.Call.invoke(Call.java:2443)
	at org.apache.axis.client.Call.invoke(Call.java:2366)
	at org.apache.axis.client.Call.invoke(Call.java:1812)
	at org.accada.epcis.soapapi.EPCISServiceBindingStub.poll(EPCISServiceBindingStub.java:1336)
	at org.accada.epcis.queryclient.QueryClientSoapImpl.runQuery(QueryClientSoapImpl.java:210)
	at org.accada.epcis.queryclient.QueryClientSoapImpl.runQuery(QueryClientSoapImpl.java:75)
	at org.accada.epcis.repository.test.ErrorMessagesTest.testSE72(ErrorMessagesTest.java:195)
</error>
    <system-out>2007-01-04 12:46:17,645 INFO  org.accada.epcis.repository.test.ErrorMessagesTest - query taken from src/test/resources/queries/webservice/requests/Test-EPCIS10-SE72-Request-1-poll.xml
</system-out>
  </testcase>
  <testcase time="1.001" name="testSE73">
    <error type="AxisFault
 faultCode" message="; nested exception is: 
	java.net.ConnectException: Connection refused: connect">AxisFault
 faultCode: {http://schemas.xmlsoap.org/soap/envelope/}Server.userException
 faultSubcode: 
 faultString: java.net.ConnectException: Connection refused: connect
 faultActor: 
 faultNode: 
 faultDetail: 
	{http://xml.apache.org/axis/}stackTrace:java.net.ConnectException: Connection refused: connect
	at java.net.PlainSocketImpl.socketConnect(Native Method)
	at java.net.PlainSocketImpl.doConnect(PlainSocketImpl.java:333)
	at java.net.PlainSocketImpl.connectToAddress(PlainSocketImpl.java:195)
	at java.net.PlainSocketImpl.connect(PlainSocketImpl.java:182)
	at java.net.SocksSocketImpl.connect(SocksSocketImpl.java:364)
	at java.net.Socket.connect(Socket.java:507)
	at sun.reflect.NativeMethodAccessorImpl.invoke0(Native Method)
	at sun.reflect.NativeMethodAccessorImpl.invoke(NativeMethodAccessorImpl.java:39)
	at sun.reflect.DelegatingMethodAccessorImpl.invoke(DelegatingMethodAccessorImpl.java:25)
	at java.lang.reflect.Method.invoke(Method.java:585)
	at org.apache.axis.components.net.DefaultSocketFactory.create(DefaultSocketFactory.java:153)
	at org.apache.axis.components.net.DefaultSocketFactory.create(DefaultSocketFactory.java:120)
	at org.apache.axis.transport.http.HTTPSender.getSocket(HTTPSender.java:191)
	at org.apache.axis.transport.http.HTTPSender.writeToSocket(HTTPSender.java:404)
	at org.apache.axis.transport.http.HTTPSender.invoke(HTTPSender.java:138)
	at org.apache.axis.strategies.InvocationStrategy.visit(InvocationStrategy.java:32)
	at org.apache.axis.SimpleChain.doVisiting(SimpleChain.java:118)
	at org.apache.axis.SimpleChain.invoke(SimpleChain.java:83)
	at org.apache.axis.client.AxisClient.invoke(AxisClient.java:165)
	at org.apache.axis.client.Call.invokeEngine(Call.java:2784)
	at org.apache.axis.client.Call.invoke(Call.java:2767)
	at org.apache.axis.client.Call.invoke(Call.java:2443)
	at org.apache.axis.client.Call.invoke(Call.java:2366)
	at org.apache.axis.client.Call.invoke(Call.java:1812)
	at org.accada.epcis.soapapi.EPCISServiceBindingStub.poll(EPCISServiceBindingStub.java:1336)
	at org.accada.epcis.queryclient.QueryClientSoapImpl.runQuery(QueryClientSoapImpl.java:210)
	at org.accada.epcis.queryclient.QueryClientSoapImpl.runQuery(QueryClientSoapImpl.java:75)
	at org.accada.epcis.repository.test.ErrorMessagesTest.testSE73(ErrorMessagesTest.java:208)
	at sun.reflect.NativeMethodAccessorImpl.invoke0(Native Method)
	at sun.reflect.NativeMethodAccessorImpl.invoke(NativeMethodAccessorImpl.java:39)
	at sun.reflect.DelegatingMethodAccessorImpl.invoke(DelegatingMethodAccessorImpl.java:25)
	at java.lang.reflect.Method.invoke(Method.java:585)
	at junit.framework.TestCase.runTest(TestCase.java:154)
	at junit.framework.TestCase.runBare(TestCase.java:127)
	at junit.framework.TestResult$1.protect(TestResult.java:106)
	at junit.framework.TestResult.runProtected(TestResult.java:124)
	at junit.framework.TestResult.run(TestResult.java:109)
	at junit.framework.TestCase.run(TestCase.java:118)
	at junit.framework.TestSuite.runTest(TestSuite.java:208)
	at junit.framework.TestSuite.run(TestSuite.java:203)
	at sun.reflect.NativeMethodAccessorImpl.invoke0(Native Method)
	at sun.reflect.NativeMethodAccessorImpl.invoke(NativeMethodAccessorImpl.java:39)
	at sun.reflect.DelegatingMethodAccessorImpl.invoke(DelegatingMethodAccessorImpl.java:25)
	at java.lang.reflect.Method.invoke(Method.java:585)
	at org.apache.maven.surefire.junit.JUnitTestSet.execute(JUnitTestSet.java:210)
	at org.apache.maven.surefire.suite.AbstractDirectoryTestSuite.executeTestSet(AbstractDirectoryTestSuite.java:135)
	at org.apache.maven.surefire.suite.AbstractDirectoryTestSuite.execute(AbstractDirectoryTestSuite.java:122)
	at org.apache.maven.surefire.Surefire.run(Surefire.java:129)
	at sun.reflect.NativeMethodAccessorImpl.invoke0(Native Method)
	at sun.reflect.NativeMethodAccessorImpl.invoke(NativeMethodAccessorImpl.java:39)
	at sun.reflect.DelegatingMethodAccessorImpl.invoke(DelegatingMethodAccessorImpl.java:25)
	at java.lang.reflect.Method.invoke(Method.java:585)
	at org.apache.maven.surefire.booter.SurefireBooter.runSuitesInProcess(SurefireBooter.java:225)
	at org.apache.maven.surefire.booter.SurefireBooter.main(SurefireBooter.java:747)

	{http://xml.apache.org/axis/}hostname:Alea

java.net.ConnectException: Connection refused: connect
	at org.apache.axis.AxisFault.makeFault(AxisFault.java:101)
	at org.apache.axis.transport.http.HTTPSender.invoke(HTTPSender.java:154)
	at org.apache.axis.strategies.InvocationStrategy.visit(InvocationStrategy.java:32)
	at org.apache.axis.SimpleChain.doVisiting(SimpleChain.java:118)
	at org.apache.axis.SimpleChain.invoke(SimpleChain.java:83)
	at org.apache.axis.client.AxisClient.invoke(AxisClient.java:165)
	at org.apache.axis.client.Call.invokeEngine(Call.java:2784)
	at org.apache.axis.client.Call.invoke(Call.java:2767)
	at org.apache.axis.client.Call.invoke(Call.java:2443)
	at org.apache.axis.client.Call.invoke(Call.java:2366)
	at org.apache.axis.client.Call.invoke(Call.java:1812)
	at org.accada.epcis.soapapi.EPCISServiceBindingStub.poll(EPCISServiceBindingStub.java:1336)
	at org.accada.epcis.queryclient.QueryClientSoapImpl.runQuery(QueryClientSoapImpl.java:210)
	at org.accada.epcis.queryclient.QueryClientSoapImpl.runQuery(QueryClientSoapImpl.java:75)
	at org.accada.epcis.repository.test.ErrorMessagesTest.testSE73(ErrorMessagesTest.java:208)
</error>
    <system-out>2007-01-04 12:46:18,646 INFO  org.accada.epcis.repository.test.ErrorMessagesTest - query taken from src/test/resources/queries/webservice/requests/Test-EPCIS10-SE73-Request-1-poll.xml
</system-out>
  </testcase>
</testsuite>